8 [140352482259904] INFO perfrun.launcher <> - Launcher main begin
14 [140352482259904] INFO perfrun.launcher <> - MessageCatalogInit finished
14 [140352482259904] INFO perfrun.launcher <> - Launcher instance created
14 [140352482259904] INFO perfrun.launcher <> - argc = 6; cmdline = /glob/development-tools/versions/oneapi/2023.0.1/oneapi/advisor/2023.0.0/bin64/advixe-runss -dump-vdso -r /home/u185963/Examen_Final/oneAPI-samples/DirectProgramming/C++SYCL/N-BodyMethods/Nbody/build/src/advi_results/e000/hs000 --tmp-dir /home/u185963/tmp/advixe-tmp-u185963 
57 [140352482259904] INFO perfrun.launcher <> - create msngr2::ICliToolContext
57 [140352482259904] INFO perfrun.launcher <> - create file finder object
75 [140352468911872] INFO perfrun.launcher <> - plugin [remoteplug] was disabled because it doesn't support the given collection type.
75 [140352468911872] INFO perfrun.launcher <> - plugin [system] was disabled because it doesn't support the given collection type.
75 [140352468911872] INFO perfrun.vdso <> - dumping [vdso] pseudomodule
280 [140352468911872] INFO perfrun.launcher <> - plugin [itt] was disabled because it doesn't support the given collection type.
280 [140352468911872] INFO perfrun.launcher <> - plugin [] was disabled because it doesn't support the given collection type.
280 [140352468911872] INFO perfrun.launcher <> - plugin [gpu] was disabled because it doesn't support the given collection type.
280 [140352468911872] INFO perfrun.launcher <> - plugin [] was disabled because it doesn't support the given collection type.
280 [140352468911872] INFO perfrun.launcher <> - plugin [] was disabled because it doesn't support the given collection type.
280 [140352468911872] INFO perfrun.launcher <> - plugin [] was disabled because it doesn't support the given collection type.
280 [140352468911872] INFO perfrun.launcher <> - plugin [mrte] was disabled because it doesn't support the given collection type.
280 [140352468911872] INFO perfrun.launcher <> - plugin [] was disabled because it doesn't support the given collection type.
280 [140352468911872] INFO perfrun.launcher <> - plugin [] was disabled because it doesn't support the given collection type.
280 [140352468911872] INFO perfrun.launcher <> - plugin [] was disabled because it doesn't support the given collection type.
280 [140352468911872] INFO perfrun.launcher <> - plugin [] was disabled because it doesn't support the given collection type.
280 [140352468911872] INFO perfrun.launcher <> - plugin [] was disabled because it doesn't support the given collection type.
280 [140352468911872] INFO perfrun.launcher <> - plugin [] was disabled because it doesn't support the given collection type.
280 [140352468911872] INFO perfrun.launcher <> - plugin [] was disabled because it doesn't support the given collection type.
280 [140352468911872] INFO perfrun.launcher <> - plugin [tpss] was disabled because it doesn't support the given collection type.
280 [140352468911872] INFO perfrun.launcher <> - plugin [] was disabled because it doesn't support the given collection type.
280 [140352468911872] INFO perfrun.launcher <> - plugin [] was disabled because it doesn't support the given collection type.
280 [140352468911872] INFO perfrun.launcher <> - plugin [] was disabled because it doesn't support the given collection type.
280 [140352468911872] INFO perfrun.launcher <> - plugin [] was disabled because it doesn't support the given collection type.
280 [140352468911872] INFO perfrun.launcher <> - plugin [] was disabled because it doesn't support the given collection type.
280 [140352468911872] INFO perfrun.launcher <> - plugin [] was disabled because it doesn't support the given collection type.
280 [140352468911872] INFO perfrun.launcher <> - plugin [] was disabled because it doesn't support the given collection type.
280 [140352468911872] INFO perfrun.launcher <> - plugin [] was disabled because it doesn't support the given collection type.
280 [140352468911872] INFO perfrun.launcher <> - plugin [] was disabled because it doesn't support the given collection type.
280 [140352482259904] INFO perfrun.launcher <> - Application exit code: 0
280 [140352482259904] INFO perfrun.launcher <> - Exit code: 0
