<?xml version="1.0" encoding="utf-8" ?>
<!-- DO NOT EDIT THIS FILE -->

<log version='2.0' source='trc'>
	<msg id='1' display='false' source='trc'>
		<type>PROCESS_START</type>
		<severity>INFO</severity>
		<timestamp>Fri Mar 17 08:16:48 2023</timestamp>
		<arg name='process'>/home/u185963/Examen_Final/oneAPI-samples/DirectProgramming/C++SYCL/N-BodyMethods/Nbody/build/src/nbody</arg>
		<arg name='pid'>2561582</arg>
	</msg>
	<!-- Instrumentation filter's state:
    Patterns applicability:
        Generic loop pattern.....................: disabled
        Generic loop pattern (with dynamic jumps): disabled
        Known trip value loop pattern............: disabled
        Runtime final value loop pattern.........: disabled
        No initial IV loop pattern...............: disabled
        IV step only loop pattern................: disabled
        No entry loop pattern....................: disabled
    Clustered memory model (CMM) applicability:
        Generic loop pattern.....................: enabled
        Generic loop pattern (with dynamic jumps): enabled
        Known trip value loop pattern............: enabled
        Runtime final value loop pattern.........: enabled
        No initial IV loop pattern...............: enabled
        IV step only loop pattern................: enabled
        No entry loop pattern....................: disabled
 -->
	<!-- Callstack mode:
    filter modules.........: true
    filter routines........: true
    count loops............: false
    count flops............: false
    trace..................: false
    extended trace.........: false
    omp trace..............: false
    jit trace..............: false
    failures trace.........: false
    dump raw...............: false
    dump final.............: false
    dump all...............: false
    stack stitching........: true
    stl profiling..........: true
    aggressive frame switch: true
    unwind frame exit......: true
    analyze child loops....: true
 -->
	<!-- Managed application profiling: -->
	<!-- 	State...................: enabled -->
	<!-- Gpu Profiling: -->
	<!-- 	State: disabled -->
	<msg id='2' display='false' source='trc'>
		<type>PROCESS_ANALYSIS_MODE</type>
		<severity>INFO</severity>
		<timestamp>Fri Mar 17 08:16:48 2023</timestamp>
		<arg name='mode'>full</arg>
	</msg>
	<!-- Update image info for [1:0x400000:YN] /home/u185963/Examen_Final/oneAPI-samples/DirectProgramming/C++SYCL/N-BodyMethods/Nbody/build/src/nbody -->
	<msg id='3' display='false' source='trc'>
		<type>LOAD_MODULE</type>
		<severity>INFO</severity>
		<timestamp>Fri Mar 17 08:16:48 2023</timestamp>
		<arg name='module'>/home/u185963/Examen_Final/oneAPI-samples/DirectProgramming/C++SYCL/N-BodyMethods/Nbody/build/src/nbody</arg>
		<arg name='basement'>0x400000</arg>
		<arg name='ceiling'>0x5a13ef</arg>
		<arg name='symtab'>yes</arg>
	</msg>
	<!-- Instrumenting image: id = 1, name = /home/u185963/Examen_Final/oneAPI-samples/DirectProgramming/C++SYCL/N-BodyMethods/Nbody/build/src/nbody -->
	<!-- skipping routine "GSimulation::Start", reason cannot build control-flow graph (HasDynamicJumps) -->
	<!-- Update image info for [2:0x7F26CA3CD000:NN] /lib64/ld-linux-x86-64.so.2 -->
	<msg id='4' display='false' source='trc'>
		<type>LOAD_MODULE</type>
		<severity>INFO</severity>
		<timestamp>Fri Mar 17 08:16:48 2023</timestamp>
		<arg name='module'>/lib64/ld-linux-x86-64.so.2</arg>
		<arg name='basement'>0x7f26ca3cd000</arg>
		<arg name='ceiling'>0x7f26ca3fc18f</arg>
		<arg name='symtab'>no</arg>
	</msg>
	<!-- Instrumentation of /lib64/ld-linux-x86-64.so.2 image skipped because of filter conditions. -->
	<!-- Update image info for [3:0x7FFF5C1B2000:NN] [vdso] -->
	<msg id='5' display='false' source='trc'>
		<type>LOAD_MODULE</type>
		<severity>INFO</severity>
		<timestamp>Fri Mar 17 08:16:48 2023</timestamp>
		<arg name='module'>[vdso]</arg>
		<arg name='basement'>0x7fff5c1b2000</arg>
		<arg name='ceiling'>0x7fff5c1b30eb</arg>
		<arg name='symtab'>no</arg>
	</msg>
	<!-- Instrumentation of [vdso] image skipped because of filter conditions [cs-mode]. -->
	<!-- Found 'clEnqueueNDRangeKernel' at 0x7f26b3c584e0 -->
	<!-- Found 'clEnqueueTask' at 0x7f26b3c58790 -->
	<!-- Found 'clGetCommandQueueInfo' at 0x7f26b3c57b40 -->
	<!-- Found 'clGetDeviceInfo' at 0x7f26b3c57910 -->
	<!-- Found 'clGetExtensionFunctionAddressForPlatform' at 0x7f26b3c575c0 -->
	<!-- Found 'clGetKernelInfo' at 0x7f26b3c57fb0 -->
	<!-- Instrumenting 'clEnqueueNDRangeKernel' -->
	<!-- Instrumenting 'clEnqueueTask' -->
	<!-- Update image info for [4:0x7F26B3C4F000:YN] /glob/development-tools/versions/oneapi/2023.0.1/oneapi/compiler/2023.0.0/linux/lib/libOpenCL.so.1 -->
	<msg id='6' display='false' source='trc'>
		<type>LOAD_MODULE</type>
		<severity>INFO</severity>
		<timestamp>Fri Mar 17 08:16:48 2023</timestamp>
		<arg name='module'>/glob/development-tools/versions/oneapi/2023.0.1/oneapi/compiler/2023.0.0/linux/lib/libOpenCL.so.1</arg>
		<arg name='basement'>0x7f26b3c4f000</arg>
		<arg name='ceiling'>0x7f26b3c5d87b</arg>
		<arg name='symtab'>yes</arg>
	</msg>
	<!-- Instrumentation of /glob/development-tools/versions/oneapi/2023.0.1/oneapi/compiler/2023.0.0/linux/lib/libOpenCL.so.1 image skipped because of filter conditions. -->
	<!-- Update image info for [5:0x7F26B38F4000:YN] /glob/development-tools/versions/oneapi/2023.0.1/oneapi/compiler/2023.0.0/linux/lib/libsycl.so.6 -->
	<msg id='7' display='false' source='trc'>
		<type>LOAD_MODULE</type>
		<severity>INFO</severity>
		<timestamp>Fri Mar 17 08:16:48 2023</timestamp>
		<arg name='module'>/glob/development-tools/versions/oneapi/2023.0.1/oneapi/compiler/2023.0.0/linux/lib/libsycl.so.6</arg>
		<arg name='basement'>0x7f26b38f4000</arg>
		<arg name='ceiling'>0x7f26b3bd8a8f</arg>
		<arg name='symtab'>yes</arg>
	</msg>
	<!-- Instrumentation of /glob/development-tools/versions/oneapi/2023.0.1/oneapi/compiler/2023.0.0/linux/lib/libsycl.so.6 image skipped because of filter conditions. -->
	<!-- Update image info for [6:0x7F26B35D4000:NN] /lib/x86_64-linux-gnu/libstdc++.so.6 -->
	<msg id='8' display='false' source='trc'>
		<type>LOAD_MODULE</type>
		<severity>INFO</severity>
		<timestamp>Fri Mar 17 08:16:48 2023</timestamp>
		<arg name='module'>/lib/x86_64-linux-gnu/libstdc++.so.6</arg>
		<arg name='basement'>0x7f26b35d4000</arg>
		<arg name='ceiling'>0x7f26b37b57ff</arg>
		<arg name='symtab'>no</arg>
	</msg>
	<!-- Instrumentation of /lib/x86_64-linux-gnu/libstdc++.so.6 image skipped because of filter conditions. -->
	<!-- Update image info for [7:0x7F26B3454000:NN] /lib/x86_64-linux-gnu/libm.so.6 -->
	<msg id='9' display='false' source='trc'>
		<type>LOAD_MODULE</type>
		<severity>INFO</severity>
		<timestamp>Fri Mar 17 08:16:48 2023</timestamp>
		<arg name='module'>/lib/x86_64-linux-gnu/libm.so.6</arg>
		<arg name='basement'>0x7f26b3454000</arg>
		<arg name='ceiling'>0x7f26b35a210f</arg>
		<arg name='symtab'>no</arg>
	</msg>
	<!-- Instrumentation of /lib/x86_64-linux-gnu/libm.so.6 image skipped because of filter conditions [cs-mode]. -->
	<!-- Update image info for [8:0x7F26B3439000:NN] /lib/x86_64-linux-gnu/libgcc_s.so.1 -->
	<msg id='10' display='false' source='trc'>
		<type>LOAD_MODULE</type>
		<severity>INFO</severity>
		<timestamp>Fri Mar 17 08:16:48 2023</timestamp>
		<arg name='module'>/lib/x86_64-linux-gnu/libgcc_s.so.1</arg>
		<arg name='basement'>0x7f26b3439000</arg>
		<arg name='ceiling'>0x7f26b3453447</arg>
		<arg name='symtab'>no</arg>
	</msg>
	<!-- Instrumentation of /lib/x86_64-linux-gnu/libgcc_s.so.1 image skipped because of filter conditions [cs-mode]. -->
	<!-- Update image info for [9:0x7F26B35C9000:NN] /lib/x86_64-linux-gnu/libdl.so.2 -->
	<msg id='11' display='false' source='trc'>
		<type>LOAD_MODULE</type>
		<severity>INFO</severity>
		<timestamp>Fri Mar 17 08:16:48 2023</timestamp>
		<arg name='module'>/lib/x86_64-linux-gnu/libdl.so.2</arg>
		<arg name='basement'>0x7f26b35c9000</arg>
		<arg name='ceiling'>0x7f26b35ce10f</arg>
		<arg name='symtab'>no</arg>
	</msg>
	<!-- Instrumentation of /lib/x86_64-linux-gnu/libdl.so.2 image skipped because of filter conditions [cs-mode]. -->
	<!-- Update image info for [10:0x7F26B320E000:NN] /lib/x86_64-linux-gnu/libc.so.6 -->
	<msg id='12' display='false' source='trc'>
		<type>LOAD_MODULE</type>
		<severity>INFO</severity>
		<timestamp>Fri Mar 17 08:16:48 2023</timestamp>
		<arg name='module'>/lib/x86_64-linux-gnu/libc.so.6</arg>
		<arg name='basement'>0x7f26b320e000</arg>
		<arg name='ceiling'>0x7f26b33ff65f</arg>
		<arg name='symtab'>no</arg>
	</msg>
	<!-- Instrumentation of /lib/x86_64-linux-gnu/libc.so.6 image skipped because of filter conditions. -->
	<!-- Update image info for [11:0x7F26B1C02000:YN] /glob/development-tools/versions/oneapi/2023.0.1/oneapi/compiler/2023.0.0/linux/compiler/lib/intel64_lin/libsvml.so -->
	<msg id='13' display='false' source='trc'>
		<type>LOAD_MODULE</type>
		<severity>INFO</severity>
		<timestamp>Fri Mar 17 08:16:48 2023</timestamp>
		<arg name='module'>/glob/development-tools/versions/oneapi/2023.0.1/oneapi/compiler/2023.0.0/linux/compiler/lib/intel64_lin/libsvml.so</arg>
		<arg name='basement'>0x7f26b1c02000</arg>
		<arg name='ceiling'>0x7f26b320dd87</arg>
		<arg name='symtab'>yes</arg>
	</msg>
	<!-- Instrumentation of /glob/development-tools/versions/oneapi/2023.0.1/oneapi/compiler/2023.0.0/linux/compiler/lib/intel64_lin/libsvml.so image skipped because of filter conditions [cs-mode]. -->
	<!-- Update image info for [12:0x7F26B1898000:YN] /glob/development-tools/versions/oneapi/2023.0.1/oneapi/compiler/2023.0.0/linux/compiler/lib/intel64_lin/libirng.so -->
	<msg id='14' display='false' source='trc'>
		<type>LOAD_MODULE</type>
		<severity>INFO</severity>
		<timestamp>Fri Mar 17 08:16:48 2023</timestamp>
		<arg name='module'>/glob/development-tools/versions/oneapi/2023.0.1/oneapi/compiler/2023.0.0/linux/compiler/lib/intel64_lin/libirng.so</arg>
		<arg name='basement'>0x7f26b1898000</arg>
		<arg name='ceiling'>0x7f26b1c01d17</arg>
		<arg name='symtab'>yes</arg>
	</msg>
	<!-- Instrumentation of /glob/development-tools/versions/oneapi/2023.0.1/oneapi/compiler/2023.0.0/linux/compiler/lib/intel64_lin/libirng.so image skipped because of filter conditions [cs-mode]. -->
	<!-- Update image info for [13:0x7F26B14B3000:YN] /glob/development-tools/versions/oneapi/2023.0.1/oneapi/compiler/2023.0.0/linux/compiler/lib/intel64_lin/libimf.so -->
	<msg id='15' display='false' source='trc'>
		<type>LOAD_MODULE</type>
		<severity>INFO</severity>
		<timestamp>Fri Mar 17 08:16:48 2023</timestamp>
		<arg name='module'>/glob/development-tools/versions/oneapi/2023.0.1/oneapi/compiler/2023.0.0/linux/compiler/lib/intel64_lin/libimf.so</arg>
		<arg name='basement'>0x7f26b14b3000</arg>
		<arg name='ceiling'>0x7f26b18975df</arg>
		<arg name='symtab'>yes</arg>
	</msg>
	<!-- Instrumentation of /glob/development-tools/versions/oneapi/2023.0.1/oneapi/compiler/2023.0.0/linux/compiler/lib/intel64_lin/libimf.so image skipped because of filter conditions [cs-mode]. -->
	<!-- Update image info for [14:0x7F26B1440000:YN] /glob/development-tools/versions/oneapi/2023.0.1/oneapi/compiler/2023.0.0/linux/compiler/lib/intel64_lin/libintlc.so.5 -->
	<msg id='16' display='false' source='trc'>
		<type>LOAD_MODULE</type>
		<severity>INFO</severity>
		<timestamp>Fri Mar 17 08:16:48 2023</timestamp>
		<arg name='module'>/glob/development-tools/versions/oneapi/2023.0.1/oneapi/compiler/2023.0.0/linux/compiler/lib/intel64_lin/libintlc.so.5</arg>
		<arg name='basement'>0x7f26b1440000</arg>
		<arg name='ceiling'>0x7f26b14b2e37</arg>
		<arg name='symtab'>yes</arg>
	</msg>
	<!-- Instrumentation of /glob/development-tools/versions/oneapi/2023.0.1/oneapi/compiler/2023.0.0/linux/compiler/lib/intel64_lin/libintlc.so.5 image skipped because of filter conditions [cs-mode]. -->
	<!-- Update image info for [15:0x7F26B141D000:YN] /lib/x86_64-linux-gnu/libpthread.so.0 -->
	<msg id='17' display='false' source='trc'>
		<type>LOAD_MODULE</type>
		<severity>INFO</severity>
		<timestamp>Fri Mar 17 08:16:48 2023</timestamp>
		<arg name='module'>/lib/x86_64-linux-gnu/libpthread.so.0</arg>
		<arg name='basement'>0x7f26b141d000</arg>
		<arg name='ceiling'>0x7f26b143f477</arg>
		<arg name='symtab'>yes</arg>
	</msg>
	<!-- Instrumentation of /lib/x86_64-linux-gnu/libpthread.so.0 image skipped because of filter conditions. -->
	<!-- Update image info for [16:0x7F26AAC9F000:YN] /glob/development-tools/versions/oneapi/2023.0.1/oneapi/compiler/2023.0.0/linux/lib/libpi_opencl.so -->
	<msg id='18' display='false' source='trc'>
		<type>LOAD_MODULE</type>
		<severity>INFO</severity>
		<timestamp>Fri Mar 17 08:16:49 2023</timestamp>
		<arg name='module'>/glob/development-tools/versions/oneapi/2023.0.1/oneapi/compiler/2023.0.0/linux/lib/libpi_opencl.so</arg>
		<arg name='basement'>0x7f26aac9f000</arg>
		<arg name='ceiling'>0x7f26aace930f</arg>
		<arg name='symtab'>yes</arg>
	</msg>
	<!-- Instrumentation of /glob/development-tools/versions/oneapi/2023.0.1/oneapi/compiler/2023.0.0/linux/lib/libpi_opencl.so image skipped because of filter conditions [cs-mode]. -->
	<!-- Update image info for [17:0x7F26AA87C000:YN] /glob/development-tools/versions/oneapi/2023.0.1/oneapi/compiler/2023.0.0/linux/lib/libpi_level_zero.so -->
	<msg id='19' display='false' source='trc'>
		<type>LOAD_MODULE</type>
		<severity>INFO</severity>
		<timestamp>Fri Mar 17 08:16:49 2023</timestamp>
		<arg name='module'>/glob/development-tools/versions/oneapi/2023.0.1/oneapi/compiler/2023.0.0/linux/lib/libpi_level_zero.so</arg>
		<arg name='basement'>0x7f26aa87c000</arg>
		<arg name='ceiling'>0x7f26aa9a14cf</arg>
		<arg name='symtab'>yes</arg>
	</msg>
	<!-- Instrumenting image: id = 17, name = /glob/development-tools/versions/oneapi/2023.0.1/oneapi/compiler/2023.0.0/linux/lib/libpi_level_zero.so -->
	<!-- Update image info for [18:0x7F26AA6DA000:NN] /lib/x86_64-linux-gnu/libze_loader.so.1 -->
	<msg id='20' display='false' source='trc'>
		<type>LOAD_MODULE</type>
		<severity>INFO</severity>
		<timestamp>Fri Mar 17 08:16:49 2023</timestamp>
		<arg name='module'>/lib/x86_64-linux-gnu/libze_loader.so.1</arg>
		<arg name='basement'>0x7f26aa6da000</arg>
		<arg name='ceiling'>0x7f26aa71f307</arg>
		<arg name='symtab'>no</arg>
	</msg>
	<!-- Instrumentation of /lib/x86_64-linux-gnu/libze_loader.so.1 image skipped because of no symbols and stripped binaries profiling is disabled. -->
	<!-- Update image info for [19:0x7F26A949B000:YN] /glob/development-tools/versions/oneapi/2023.0.1/oneapi/compiler/2023.0.0/linux/lib/x64/libintelocl_emu.so -->
	<msg id='21' display='false' source='trc'>
		<type>LOAD_MODULE</type>
		<severity>INFO</severity>
		<timestamp>Fri Mar 17 08:16:49 2023</timestamp>
		<arg name='module'>/glob/development-tools/versions/oneapi/2023.0.1/oneapi/compiler/2023.0.0/linux/lib/x64/libintelocl_emu.so</arg>
		<arg name='basement'>0x7f26a949b000</arg>
		<arg name='ceiling'>0x7f26a9af0c19</arg>
		<arg name='symtab'>yes</arg>
	</msg>
	<!-- Instrumenting image: id = 19, name = /glob/development-tools/versions/oneapi/2023.0.1/oneapi/compiler/2023.0.0/linux/lib/x64/libintelocl_emu.so -->
	<!-- skipping routine "__itt_sync_acquired_init_3_0", reason cannot build control-flow graph (HasDynamicJumps) -->
	<!-- skipping routine "Intel::OpenCL::Framework::PlatformModule::InitDevices", reason cannot build control-flow graph (HasDynamicJumps) -->
	<!-- skipping routine "Intel::OpenCL::Framework::PlatformModule::Initialize", reason cannot build control-flow graph (HasDynamicJumps) -->
	<!-- Update image info for [20:0x7F26A934C000:YN] /glob/development-tools/versions/oneapi/2023.0.1/oneapi/compiler/2023.0.0/linux/lib/x64/libtask_executor_emu.so.2022.15.12.0 -->
	<msg id='22' display='false' source='trc'>
		<type>LOAD_MODULE</type>
		<severity>INFO</severity>
		<timestamp>Fri Mar 17 08:16:49 2023</timestamp>
		<arg name='module'>/glob/development-tools/versions/oneapi/2023.0.1/oneapi/compiler/2023.0.0/linux/lib/x64/libtask_executor_emu.so.2022.15.12.0</arg>
		<arg name='basement'>0x7f26a934c000</arg>
		<arg name='ceiling'>0x7f26a949aa2f</arg>
		<arg name='symtab'>yes</arg>
	</msg>
	<!-- Instrumentation of /glob/development-tools/versions/oneapi/2023.0.1/oneapi/compiler/2023.0.0/linux/lib/x64/libtask_executor_emu.so.2022.15.12.0 image skipped because of filter conditions [cs-mode]. -->
	<!-- Update image info for [21:0x7F26A9220000:YN] /glob/development-tools/versions/oneapi/2023.0.1/oneapi/compiler/2023.0.0/linux/lib/x64/libcl_logger_emu.so.2022.15.12.0 -->
	<msg id='23' display='false' source='trc'>
		<type>LOAD_MODULE</type>
		<severity>INFO</severity>
		<timestamp>Fri Mar 17 08:16:49 2023</timestamp>
		<arg name='module'>/glob/development-tools/versions/oneapi/2023.0.1/oneapi/compiler/2023.0.0/linux/lib/x64/libcl_logger_emu.so.2022.15.12.0</arg>
		<arg name='basement'>0x7f26a9220000</arg>
		<arg name='ceiling'>0x7f26a934b29f</arg>
		<arg name='symtab'>yes</arg>
	</msg>
	<!-- Instrumentation of /glob/development-tools/versions/oneapi/2023.0.1/oneapi/compiler/2023.0.0/linux/lib/x64/libcl_logger_emu.so.2022.15.12.0 image skipped because of filter conditions [cs-mode]. -->
	<!-- Update image info for [22:0x7F26A9151000:NN] /lib/x86_64-linux-gnu/libz.so.1 -->
	<msg id='24' display='false' source='trc'>
		<type>LOAD_MODULE</type>
		<severity>INFO</severity>
		<timestamp>Fri Mar 17 08:16:49 2023</timestamp>
		<arg name='module'>/lib/x86_64-linux-gnu/libz.so.1</arg>
		<arg name='basement'>0x7f26a9151000</arg>
		<arg name='ceiling'>0x7f26a916c0b7</arg>
		<arg name='symtab'>no</arg>
	</msg>
	<!-- Instrumentation of /lib/x86_64-linux-gnu/libz.so.1 image skipped because of filter conditions [cs-mode]. -->
	<!-- Update image info for [23:0x7F26A9126000:NN] /lib/x86_64-linux-gnu/librt.so.1 -->
	<msg id='25' display='false' source='trc'>
		<type>LOAD_MODULE</type>
		<severity>INFO</severity>
		<timestamp>Fri Mar 17 08:16:49 2023</timestamp>
		<arg name='module'>/lib/x86_64-linux-gnu/librt.so.1</arg>
		<arg name='basement'>0x7f26a9126000</arg>
		<arg name='ceiling'>0x7f26a912fbdf</arg>
		<arg name='symtab'>no</arg>
	</msg>
	<!-- Instrumentation of /lib/x86_64-linux-gnu/librt.so.1 image skipped because of filter conditions [cs-mode]. -->
	<!-- Update image info for [24:0x7F26A8E7E000:YN] /glob/development-tools/versions/oneapi/2023.0.1/oneapi/tbb/2021.8.0/env/../lib/intel64/gcc4.8/libtbb.so.12 -->
	<msg id='26' display='false' source='trc'>
		<type>LOAD_MODULE</type>
		<severity>INFO</severity>
		<timestamp>Fri Mar 17 08:16:49 2023</timestamp>
		<arg name='module'>/glob/development-tools/versions/oneapi/2023.0.1/oneapi/tbb/2021.8.0/env/../lib/intel64/gcc4.8/libtbb.so.12</arg>
		<arg name='basement'>0x7f26a8e7e000</arg>
		<arg name='ceiling'>0x7f26a90f53bf</arg>
		<arg name='symtab'>yes</arg>
	</msg>
	<!-- Instrumentation of /glob/development-tools/versions/oneapi/2023.0.1/oneapi/tbb/2021.8.0/env/../lib/intel64/gcc4.8/libtbb.so.12 image skipped because of filter conditions [cs-mode]. -->
	<!-- Update image info for [25:0x7F26A8C22000:YN] /glob/development-tools/versions/oneapi/2023.0.1/oneapi/tbb/2021.8.0/env/../lib/intel64/gcc4.8/libtbbmalloc.so.2 -->
	<msg id='27' display='false' source='trc'>
		<type>LOAD_MODULE</type>
		<severity>INFO</severity>
		<timestamp>Fri Mar 17 08:16:49 2023</timestamp>
		<arg name='module'>/glob/development-tools/versions/oneapi/2023.0.1/oneapi/tbb/2021.8.0/env/../lib/intel64/gcc4.8/libtbbmalloc.so.2</arg>
		<arg name='basement'>0x7f26a8c22000</arg>
		<arg name='ceiling'>0x7f26a8e7d17f</arg>
		<arg name='symtab'>yes</arg>
	</msg>
	<!-- Instrumentation of /glob/development-tools/versions/oneapi/2023.0.1/oneapi/tbb/2021.8.0/env/../lib/intel64/gcc4.8/libtbbmalloc.so.2 image skipped because of filter conditions [cs-mode]. -->
	<!-- Update image info for [26:0x7F26A5452000:NN] /glob/development-tools/versions/oneapi/2023.0.1/oneapi/advisor/2023.0.0/lib64/runtime/libittnotify.so -->
	<msg id='28' display='false' source='trc'>
		<type>LOAD_MODULE</type>
		<severity>INFO</severity>
		<timestamp>Fri Mar 17 08:16:49 2023</timestamp>
		<arg name='module'>/glob/development-tools/versions/oneapi/2023.0.1/oneapi/advisor/2023.0.0/lib64/runtime/libittnotify.so</arg>
		<arg name='basement'>0x7f26a5452000</arg>
		<arg name='ceiling'>0x7f26a565e65f</arg>
		<arg name='symtab'>no</arg>
	</msg>
	<!-- __itt_pause was instrumented -->
	<!-- __itt_resume was instrumented -->
	<!-- __itt_metadata_add was instrumented -->
	<!-- Instrumentation of /glob/development-tools/versions/oneapi/2023.0.1/oneapi/advisor/2023.0.0/lib64/runtime/libittnotify.so image skipped because of filter conditions [cs-mode]. -->
	<!-- Update image info for [27:0x7F26A4F1A000:YN] /glob/development-tools/versions/oneapi/2023.0.1/oneapi/compiler/2023.0.0/linux/lib/x64/libcpu_device_emu.so.2022.15.12.0 -->
	<msg id='29' display='false' source='trc'>
		<type>LOAD_MODULE</type>
		<severity>INFO</severity>
		<timestamp>Fri Mar 17 08:16:49 2023</timestamp>
		<arg name='module'>/glob/development-tools/versions/oneapi/2023.0.1/oneapi/compiler/2023.0.0/linux/lib/x64/libcpu_device_emu.so.2022.15.12.0</arg>
		<arg name='basement'>0x7f26a4f1a000</arg>
		<arg name='ceiling'>0x7f26a508bc4f</arg>
		<arg name='symtab'>yes</arg>
	</msg>
	<!-- Instrumentation of /glob/development-tools/versions/oneapi/2023.0.1/oneapi/compiler/2023.0.0/linux/lib/x64/libcpu_device_emu.so.2022.15.12.0 image skipped because of filter conditions [cs-mode]. -->
	<!-- Update image info for [28:0x7F269FF42000:YN] /glob/development-tools/versions/oneapi/2023.0.1/oneapi/compiler/2023.0.0/linux/lib/oclfpga/host/linux64/lib/libalteracl.so -->
	<msg id='30' display='false' source='trc'>
		<type>LOAD_MODULE</type>
		<severity>INFO</severity>
		<timestamp>Fri Mar 17 08:16:49 2023</timestamp>
		<arg name='module'>/glob/development-tools/versions/oneapi/2023.0.1/oneapi/compiler/2023.0.0/linux/lib/oclfpga/host/linux64/lib/libalteracl.so</arg>
		<arg name='basement'>0x7f269ff42000</arg>
		<arg name='ceiling'>0x7f26a44a806f</arg>
		<arg name='symtab'>yes</arg>
	</msg>
	<!-- Instrumenting image: id = 28, name = /glob/development-tools/versions/oneapi/2023.0.1/oneapi/compiler/2023.0.0/linux/lib/oclfpga/host/linux64/lib/libalteracl.so -->
	<!-- Update image info for [29:0x7F269FD2C000:YN] /glob/development-tools/versions/oneapi/2023.0.1/oneapi/compiler/2023.0.0/linux/lib/oclfpga/host/linux64/lib/libelf.so.0 -->
	<msg id='31' display='false' source='trc'>
		<type>LOAD_MODULE</type>
		<severity>INFO</severity>
		<timestamp>Fri Mar 17 08:16:50 2023</timestamp>
		<arg name='module'>/glob/development-tools/versions/oneapi/2023.0.1/oneapi/compiler/2023.0.0/linux/lib/oclfpga/host/linux64/lib/libelf.so.0</arg>
		<arg name='basement'>0x7f269fd2c000</arg>
		<arg name='ceiling'>0x7f269ff41b0f</arg>
		<arg name='symtab'>yes</arg>
	</msg>
	<!-- Instrumentation of /glob/development-tools/versions/oneapi/2023.0.1/oneapi/compiler/2023.0.0/linux/lib/oclfpga/host/linux64/lib/libelf.so.0 image skipped because of filter conditions [cs-mode]. -->
	<msg id='32' display='false' source='trc'>
		<type>UNLOAD_MODULE</type>
		<severity>INFO</severity>
		<timestamp>Fri Mar 17 08:16:50 2023</timestamp>
		<arg name='module'>/glob/development-tools/versions/oneapi/2023.0.1/oneapi/compiler/2023.0.0/linux/lib/oclfpga/host/linux64/lib/libalteracl.so</arg>
	</msg>
	<msg id='33' display='false' source='trc'>
		<type>UNLOAD_MODULE</type>
		<severity>INFO</severity>
		<timestamp>Fri Mar 17 08:16:50 2023</timestamp>
		<arg name='module'>/glob/development-tools/versions/oneapi/2023.0.1/oneapi/compiler/2023.0.0/linux/lib/oclfpga/host/linux64/lib/libelf.so.0</arg>
	</msg>
	<!-- Update image info for [30:0x7F26A3DE0000:YN] /glob/development-tools/versions/oneapi/2023.0.1/oneapi/compiler/2023.0.0/linux/lib/x64/libintelocl.so -->
	<msg id='34' display='false' source='trc'>
		<type>LOAD_MODULE</type>
		<severity>INFO</severity>
		<timestamp>Fri Mar 17 08:16:50 2023</timestamp>
		<arg name='module'>/glob/development-tools/versions/oneapi/2023.0.1/oneapi/compiler/2023.0.0/linux/lib/x64/libintelocl.so</arg>
		<arg name='basement'>0x7f26a3de0000</arg>
		<arg name='ceiling'>0x7f26a4435c09</arg>
		<arg name='symtab'>yes</arg>
	</msg>
	<!-- Instrumentation of /glob/development-tools/versions/oneapi/2023.0.1/oneapi/compiler/2023.0.0/linux/lib/x64/libintelocl.so image skipped because of filter conditions. -->
	<!-- Update image info for [31:0x7F26A3C91000:YN] /glob/development-tools/versions/oneapi/2023.0.1/oneapi/compiler/2023.0.0/linux/lib/x64/libtask_executor.so.2022.15.12.0 -->
	<msg id='35' display='false' source='trc'>
		<type>LOAD_MODULE</type>
		<severity>INFO</severity>
		<timestamp>Fri Mar 17 08:16:50 2023</timestamp>
		<arg name='module'>/glob/development-tools/versions/oneapi/2023.0.1/oneapi/compiler/2023.0.0/linux/lib/x64/libtask_executor.so.2022.15.12.0</arg>
		<arg name='basement'>0x7f26a3c91000</arg>
		<arg name='ceiling'>0x7f26a3ddfa1f</arg>
		<arg name='symtab'>yes</arg>
	</msg>
	<!-- Instrumentation of /glob/development-tools/versions/oneapi/2023.0.1/oneapi/compiler/2023.0.0/linux/lib/x64/libtask_executor.so.2022.15.12.0 image skipped because of filter conditions [cs-mode]. -->
	<!-- Update image info for [32:0x7F26A3B65000:YN] /glob/development-tools/versions/oneapi/2023.0.1/oneapi/compiler/2023.0.0/linux/lib/x64/libcl_logger.so.2022.15.12.0 -->
	<msg id='36' display='false' source='trc'>
		<type>LOAD_MODULE</type>
		<severity>INFO</severity>
		<timestamp>Fri Mar 17 08:16:50 2023</timestamp>
		<arg name='module'>/glob/development-tools/versions/oneapi/2023.0.1/oneapi/compiler/2023.0.0/linux/lib/x64/libcl_logger.so.2022.15.12.0</arg>
		<arg name='basement'>0x7f26a3b65000</arg>
		<arg name='ceiling'>0x7f26a3c9029f</arg>
		<arg name='symtab'>yes</arg>
	</msg>
	<!-- Instrumentation of /glob/development-tools/versions/oneapi/2023.0.1/oneapi/compiler/2023.0.0/linux/lib/x64/libcl_logger.so.2022.15.12.0 image skipped because of filter conditions [cs-mode]. -->
	<!-- Update image info for [33:0x7F26A23DD000:YN] /glob/development-tools/versions/oneapi/2023.0.1/oneapi/compiler/2023.0.0/linux/lib/x64/libcpu_device.so.2022.15.12.0 -->
	<msg id='37' display='false' source='trc'>
		<type>LOAD_MODULE</type>
		<severity>INFO</severity>
		<timestamp>Fri Mar 17 08:16:50 2023</timestamp>
		<arg name='module'>/glob/development-tools/versions/oneapi/2023.0.1/oneapi/compiler/2023.0.0/linux/lib/x64/libcpu_device.so.2022.15.12.0</arg>
		<arg name='basement'>0x7f26a23dd000</arg>
		<arg name='ceiling'>0x7f26a254ec3f</arg>
		<arg name='symtab'>yes</arg>
	</msg>
	<!-- Instrumentation of /glob/development-tools/versions/oneapi/2023.0.1/oneapi/compiler/2023.0.0/linux/lib/x64/libcpu_device.so.2022.15.12.0 image skipped because of filter conditions [cs-mode]. -->
	<!-- Update image info for [34:0x7F26A10C3000:NN] /usr/lib/x86_64-linux-gnu/intel-opencl/libigdrcl.so -->
	<msg id='38' display='false' source='trc'>
		<type>LOAD_MODULE</type>
		<severity>INFO</severity>
		<timestamp>Fri Mar 17 08:16:50 2023</timestamp>
		<arg name='module'>/usr/lib/x86_64-linux-gnu/intel-opencl/libigdrcl.so</arg>
		<arg name='basement'>0x7f26a10c3000</arg>
		<arg name='ceiling'>0x7f26a1b61337</arg>
		<arg name='symtab'>no</arg>
	</msg>
	<!-- Instrumentation of /usr/lib/x86_64-linux-gnu/intel-opencl/libigdrcl.so image skipped because of filter conditions. -->
	<!-- Update image info for [35:0x7F26A1021000:NN] /lib/x86_64-linux-gnu/libigdgmm.so.12 -->
	<msg id='39' display='false' source='trc'>
		<type>LOAD_MODULE</type>
		<severity>INFO</severity>
		<timestamp>Fri Mar 17 08:16:50 2023</timestamp>
		<arg name='module'>/lib/x86_64-linux-gnu/libigdgmm.so.12</arg>
		<arg name='basement'>0x7f26a1021000</arg>
		<arg name='ceiling'>0x7f26a10b2ce7</arg>
		<arg name='symtab'>no</arg>
	</msg>
	<!-- Instrumentation of /lib/x86_64-linux-gnu/libigdgmm.so.12 image skipped because of filter conditions [cs-mode]. -->
	<!-- Update image info for [36:0x7F269C264000:NN] /lib/x86_64-linux-gnu/libigdfcl.so.1 -->
	<msg id='40' display='false' source='trc'>
		<type>LOAD_MODULE</type>
		<severity>INFO</severity>
		<timestamp>Fri Mar 17 08:16:51 2023</timestamp>
		<arg name='module'>/lib/x86_64-linux-gnu/libigdfcl.so.1</arg>
		<arg name='basement'>0x7f269c264000</arg>
		<arg name='ceiling'>0x7f269c407d9f</arg>
		<arg name='symtab'>no</arg>
	</msg>
	<!-- Instrumentation of /lib/x86_64-linux-gnu/libigdfcl.so.1 image skipped because of filter conditions [cs-mode]. -->
	<!-- Update image info for [37:0x7F2692816000:NN] /lib/x86_64-linux-gnu/libopencl-clang.so.11 -->
	<msg id='41' display='false' source='trc'>
		<type>LOAD_MODULE</type>
		<severity>INFO</severity>
		<timestamp>Fri Mar 17 08:16:51 2023</timestamp>
		<arg name='module'>/lib/x86_64-linux-gnu/libopencl-clang.so.11</arg>
		<arg name='basement'>0x7f2692816000</arg>
		<arg name='ceiling'>0x7f2696f37967</arg>
		<arg name='symtab'>no</arg>
	</msg>
	<!-- Instrumentation of /lib/x86_64-linux-gnu/libopencl-clang.so.11 image skipped because of filter conditions [cs-mode]. -->
	<!-- Update image info for [38:0x7F2684D1D000:NN] /lib/x86_64-linux-gnu/libigc.so.1 -->
	<msg id='42' display='false' source='trc'>
		<type>LOAD_MODULE</type>
		<severity>INFO</severity>
		<timestamp>Fri Mar 17 08:16:52 2023</timestamp>
		<arg name='module'>/lib/x86_64-linux-gnu/libigc.so.1</arg>
		<arg name='basement'>0x7f2684d1d000</arg>
		<arg name='ceiling'>0x7f268988b2e7</arg>
		<arg name='symtab'>no</arg>
	</msg>
	<!-- Instrumentation of /lib/x86_64-linux-gnu/libigc.so.1 image skipped because of filter conditions. -->
	<!-- Update image info for [39:0x7F268ED1E000:NN] /lib/x86_64-linux-gnu/libva.so.2 -->
	<msg id='43' display='false' source='trc'>
		<type>LOAD_MODULE</type>
		<severity>INFO</severity>
		<timestamp>Fri Mar 17 08:16:53 2023</timestamp>
		<arg name='module'>/lib/x86_64-linux-gnu/libva.so.2</arg>
		<arg name='basement'>0x7f268ed1e000</arg>
		<arg name='ceiling'>0x7f268ed4a9bf</arg>
		<arg name='symtab'>no</arg>
	</msg>
	<!-- Instrumentation of /lib/x86_64-linux-gnu/libva.so.2 image skipped because of filter conditions [cs-mode]. -->
	<msg id='44' display='false' source='trc'>
		<type>UNLOAD_MODULE</type>
		<severity>INFO</severity>
		<timestamp>Fri Mar 17 08:16:53 2023</timestamp>
		<arg name='module'>/lib/x86_64-linux-gnu/libva.so.2</arg>
	</msg>
	<!-- Update image info for [40:0x7F2683DAE000:NN] /lib/x86_64-linux-gnu/libze_intel_gpu.so.1 -->
	<msg id='45' display='false' source='trc'>
		<type>LOAD_MODULE</type>
		<severity>INFO</severity>
		<timestamp>Fri Mar 17 08:16:53 2023</timestamp>
		<arg name='module'>/lib/x86_64-linux-gnu/libze_intel_gpu.so.1</arg>
		<arg name='basement'>0x7f2683dae000</arg>
		<arg name='ceiling'>0x7f26847acbb7</arg>
		<arg name='symtab'>no</arg>
	</msg>
	<!-- Instrumentation of /lib/x86_64-linux-gnu/libze_intel_gpu.so.1 image skipped because of no symbols and stripped binaries profiling is disabled. -->
	<msg id='46' display='false' source='trc'>
		<type>UNLOAD_MODULE</type>
		<severity>INFO</severity>
		<timestamp>Fri Mar 17 08:17:09 2023</timestamp>
		<arg name='module'>/home/u185963/Examen_Final/oneAPI-samples/DirectProgramming/C++SYCL/N-BodyMethods/Nbody/build/src/nbody</arg>
	</msg>
	<msg id='47' display='false' source='trc'>
		<type>UNLOAD_MODULE</type>
		<severity>INFO</severity>
		<timestamp>Fri Mar 17 08:17:09 2023</timestamp>
		<arg name='module'>/lib64/ld-linux-x86-64.so.2</arg>
	</msg>
	<msg id='48' display='false' source='trc'>
		<type>UNLOAD_MODULE</type>
		<severity>INFO</severity>
		<timestamp>Fri Mar 17 08:17:09 2023</timestamp>
		<arg name='module'>[vdso]</arg>
	</msg>
	<msg id='49' display='false' source='trc'>
		<type>UNLOAD_MODULE</type>
		<severity>INFO</severity>
		<timestamp>Fri Mar 17 08:17:09 2023</timestamp>
		<arg name='module'>/glob/development-tools/versions/oneapi/2023.0.1/oneapi/compiler/2023.0.0/linux/lib/libOpenCL.so.1</arg>
	</msg>
	<msg id='50' display='false' source='trc'>
		<type>UNLOAD_MODULE</type>
		<severity>INFO</severity>
		<timestamp>Fri Mar 17 08:17:09 2023</timestamp>
		<arg name='module'>/glob/development-tools/versions/oneapi/2023.0.1/oneapi/compiler/2023.0.0/linux/lib/libsycl.so.6</arg>
	</msg>
	<msg id='51' display='false' source='trc'>
		<type>UNLOAD_MODULE</type>
		<severity>INFO</severity>
		<timestamp>Fri Mar 17 08:17:09 2023</timestamp>
		<arg name='module'>/lib/x86_64-linux-gnu/libstdc++.so.6</arg>
	</msg>
	<msg id='52' display='false' source='trc'>
		<type>UNLOAD_MODULE</type>
		<severity>INFO</severity>
		<timestamp>Fri Mar 17 08:17:09 2023</timestamp>
		<arg name='module'>/lib/x86_64-linux-gnu/libm.so.6</arg>
	</msg>
	<msg id='53' display='false' source='trc'>
		<type>UNLOAD_MODULE</type>
		<severity>INFO</severity>
		<timestamp>Fri Mar 17 08:17:09 2023</timestamp>
		<arg name='module'>/lib/x86_64-linux-gnu/libgcc_s.so.1</arg>
	</msg>
	<msg id='54' display='false' source='trc'>
		<type>UNLOAD_MODULE</type>
		<severity>INFO</severity>
		<timestamp>Fri Mar 17 08:17:09 2023</timestamp>
		<arg name='module'>/lib/x86_64-linux-gnu/libdl.so.2</arg>
	</msg>
	<msg id='55' display='false' source='trc'>
		<type>UNLOAD_MODULE</type>
		<severity>INFO</severity>
		<timestamp>Fri Mar 17 08:17:09 2023</timestamp>
		<arg name='module'>/lib/x86_64-linux-gnu/libc.so.6</arg>
	</msg>
	<msg id='56' display='false' source='trc'>
		<type>UNLOAD_MODULE</type>
		<severity>INFO</severity>
		<timestamp>Fri Mar 17 08:17:09 2023</timestamp>
		<arg name='module'>/glob/development-tools/versions/oneapi/2023.0.1/oneapi/compiler/2023.0.0/linux/compiler/lib/intel64_lin/libsvml.so</arg>
	</msg>
	<msg id='57' display='false' source='trc'>
		<type>UNLOAD_MODULE</type>
		<severity>INFO</severity>
		<timestamp>Fri Mar 17 08:17:09 2023</timestamp>
		<arg name='module'>/glob/development-tools/versions/oneapi/2023.0.1/oneapi/compiler/2023.0.0/linux/compiler/lib/intel64_lin/libirng.so</arg>
	</msg>
	<msg id='58' display='false' source='trc'>
		<type>UNLOAD_MODULE</type>
		<severity>INFO</severity>
		<timestamp>Fri Mar 17 08:17:09 2023</timestamp>
		<arg name='module'>/glob/development-tools/versions/oneapi/2023.0.1/oneapi/compiler/2023.0.0/linux/compiler/lib/intel64_lin/libimf.so</arg>
	</msg>
	<msg id='59' display='false' source='trc'>
		<type>UNLOAD_MODULE</type>
		<severity>INFO</severity>
		<timestamp>Fri Mar 17 08:17:09 2023</timestamp>
		<arg name='module'>/glob/development-tools/versions/oneapi/2023.0.1/oneapi/compiler/2023.0.0/linux/compiler/lib/intel64_lin/libintlc.so.5</arg>
	</msg>
	<msg id='60' display='false' source='trc'>
		<type>UNLOAD_MODULE</type>
		<severity>INFO</severity>
		<timestamp>Fri Mar 17 08:17:09 2023</timestamp>
		<arg name='module'>/lib/x86_64-linux-gnu/libpthread.so.0</arg>
	</msg>
	<msg id='61' display='false' source='trc'>
		<type>UNLOAD_MODULE</type>
		<severity>INFO</severity>
		<timestamp>Fri Mar 17 08:17:09 2023</timestamp>
		<arg name='module'>/glob/development-tools/versions/oneapi/2023.0.1/oneapi/compiler/2023.0.0/linux/lib/libpi_opencl.so</arg>
	</msg>
	<msg id='62' display='false' source='trc'>
		<type>UNLOAD_MODULE</type>
		<severity>INFO</severity>
		<timestamp>Fri Mar 17 08:17:09 2023</timestamp>
		<arg name='module'>/glob/development-tools/versions/oneapi/2023.0.1/oneapi/compiler/2023.0.0/linux/lib/libpi_level_zero.so</arg>
	</msg>
	<msg id='63' display='false' source='trc'>
		<type>UNLOAD_MODULE</type>
		<severity>INFO</severity>
		<timestamp>Fri Mar 17 08:17:09 2023</timestamp>
		<arg name='module'>/lib/x86_64-linux-gnu/libze_loader.so.1</arg>
	</msg>
	<msg id='64' display='false' source='trc'>
		<type>UNLOAD_MODULE</type>
		<severity>INFO</severity>
		<timestamp>Fri Mar 17 08:17:09 2023</timestamp>
		<arg name='module'>/glob/development-tools/versions/oneapi/2023.0.1/oneapi/compiler/2023.0.0/linux/lib/x64/libintelocl_emu.so</arg>
	</msg>
	<msg id='65' display='false' source='trc'>
		<type>UNLOAD_MODULE</type>
		<severity>INFO</severity>
		<timestamp>Fri Mar 17 08:17:09 2023</timestamp>
		<arg name='module'>/glob/development-tools/versions/oneapi/2023.0.1/oneapi/compiler/2023.0.0/linux/lib/x64/libtask_executor_emu.so.2022.15.12.0</arg>
	</msg>
	<msg id='66' display='false' source='trc'>
		<type>UNLOAD_MODULE</type>
		<severity>INFO</severity>
		<timestamp>Fri Mar 17 08:17:09 2023</timestamp>
		<arg name='module'>/glob/development-tools/versions/oneapi/2023.0.1/oneapi/compiler/2023.0.0/linux/lib/x64/libcl_logger_emu.so.2022.15.12.0</arg>
	</msg>
	<msg id='67' display='false' source='trc'>
		<type>UNLOAD_MODULE</type>
		<severity>INFO</severity>
		<timestamp>Fri Mar 17 08:17:09 2023</timestamp>
		<arg name='module'>/lib/x86_64-linux-gnu/libz.so.1</arg>
	</msg>
	<msg id='68' display='false' source='trc'>
		<type>UNLOAD_MODULE</type>
		<severity>INFO</severity>
		<timestamp>Fri Mar 17 08:17:09 2023</timestamp>
		<arg name='module'>/lib/x86_64-linux-gnu/librt.so.1</arg>
	</msg>
	<msg id='69' display='false' source='trc'>
		<type>UNLOAD_MODULE</type>
		<severity>INFO</severity>
		<timestamp>Fri Mar 17 08:17:09 2023</timestamp>
		<arg name='module'>/glob/development-tools/versions/oneapi/2023.0.1/oneapi/tbb/2021.8.0/env/../lib/intel64/gcc4.8/libtbb.so.12</arg>
	</msg>
	<msg id='70' display='false' source='trc'>
		<type>UNLOAD_MODULE</type>
		<severity>INFO</severity>
		<timestamp>Fri Mar 17 08:17:09 2023</timestamp>
		<arg name='module'>/glob/development-tools/versions/oneapi/2023.0.1/oneapi/tbb/2021.8.0/env/../lib/intel64/gcc4.8/libtbbmalloc.so.2</arg>
	</msg>
	<msg id='71' display='false' source='trc'>
		<type>UNLOAD_MODULE</type>
		<severity>INFO</severity>
		<timestamp>Fri Mar 17 08:17:09 2023</timestamp>
		<arg name='module'>/glob/development-tools/versions/oneapi/2023.0.1/oneapi/advisor/2023.0.0/lib64/runtime/libittnotify.so</arg>
	</msg>
	<msg id='72' display='false' source='trc'>
		<type>UNLOAD_MODULE</type>
		<severity>INFO</severity>
		<timestamp>Fri Mar 17 08:17:09 2023</timestamp>
		<arg name='module'>/glob/development-tools/versions/oneapi/2023.0.1/oneapi/compiler/2023.0.0/linux/lib/x64/libcpu_device_emu.so.2022.15.12.0</arg>
	</msg>
	<msg id='73' display='false' source='trc'>
		<type>UNLOAD_MODULE</type>
		<severity>INFO</severity>
		<timestamp>Fri Mar 17 08:17:09 2023</timestamp>
		<arg name='module'>/glob/development-tools/versions/oneapi/2023.0.1/oneapi/compiler/2023.0.0/linux/lib/x64/libintelocl.so</arg>
	</msg>
	<msg id='74' display='false' source='trc'>
		<type>UNLOAD_MODULE</type>
		<severity>INFO</severity>
		<timestamp>Fri Mar 17 08:17:09 2023</timestamp>
		<arg name='module'>/glob/development-tools/versions/oneapi/2023.0.1/oneapi/compiler/2023.0.0/linux/lib/x64/libtask_executor.so.2022.15.12.0</arg>
	</msg>
	<msg id='75' display='false' source='trc'>
		<type>UNLOAD_MODULE</type>
		<severity>INFO</severity>
		<timestamp>Fri Mar 17 08:17:09 2023</timestamp>
		<arg name='module'>/glob/development-tools/versions/oneapi/2023.0.1/oneapi/compiler/2023.0.0/linux/lib/x64/libcl_logger.so.2022.15.12.0</arg>
	</msg>
	<msg id='76' display='false' source='trc'>
		<type>UNLOAD_MODULE</type>
		<severity>INFO</severity>
		<timestamp>Fri Mar 17 08:17:09 2023</timestamp>
		<arg name='module'>/glob/development-tools/versions/oneapi/2023.0.1/oneapi/compiler/2023.0.0/linux/lib/x64/libcpu_device.so.2022.15.12.0</arg>
	</msg>
	<msg id='77' display='false' source='trc'>
		<type>UNLOAD_MODULE</type>
		<severity>INFO</severity>
		<timestamp>Fri Mar 17 08:17:09 2023</timestamp>
		<arg name='module'>/usr/lib/x86_64-linux-gnu/intel-opencl/libigdrcl.so</arg>
	</msg>
	<msg id='78' display='false' source='trc'>
		<type>UNLOAD_MODULE</type>
		<severity>INFO</severity>
		<timestamp>Fri Mar 17 08:17:09 2023</timestamp>
		<arg name='module'>/lib/x86_64-linux-gnu/libigdgmm.so.12</arg>
	</msg>
	<msg id='79' display='false' source='trc'>
		<type>UNLOAD_MODULE</type>
		<severity>INFO</severity>
		<timestamp>Fri Mar 17 08:17:09 2023</timestamp>
		<arg name='module'>/lib/x86_64-linux-gnu/libigdfcl.so.1</arg>
	</msg>
	<msg id='80' display='false' source='trc'>
		<type>UNLOAD_MODULE</type>
		<severity>INFO</severity>
		<timestamp>Fri Mar 17 08:17:09 2023</timestamp>
		<arg name='module'>/lib/x86_64-linux-gnu/libopencl-clang.so.11</arg>
	</msg>
	<msg id='81' display='false' source='trc'>
		<type>UNLOAD_MODULE</type>
		<severity>INFO</severity>
		<timestamp>Fri Mar 17 08:17:09 2023</timestamp>
		<arg name='module'>/lib/x86_64-linux-gnu/libigc.so.1</arg>
	</msg>
	<msg id='82' display='false' source='trc'>
		<type>UNLOAD_MODULE</type>
		<severity>INFO</severity>
		<timestamp>Fri Mar 17 08:17:09 2023</timestamp>
		<arg name='module'>/lib/x86_64-linux-gnu/libze_intel_gpu.so.1</arg>
	</msg>
	<msg id='83' display='false' source='trc'>
		<type>PROCESS_FINISH</type>
		<severity>INFO</severity>
		<timestamp>Fri Mar 17 08:17:09 2023</timestamp>
		<arg name='process'>/home/u185963/Examen_Final/oneAPI-samples/DirectProgramming/C++SYCL/N-BodyMethods/Nbody/build/src/nbody</arg>
		<arg name='pid'>2561582</arg>
		<arg name='exitcode'>0x0</arg>
	</msg>
	<!-- Application exited with code 0 -->
</log>