<?xml version="1.0" encoding="utf-8"?>
<log version="1.0" tool="runtool">

<msg id="1" tool="runtool">
  <type>log-start</type>
  <arg>2023/03/17 08:16:37</arg>
</msg>
<msg id="2" tool="runtool">
  <type>bandwidth-measurement-starts</type>
</msg>
<msg id="3" tool="runtool">
  <type>bandwidth-measurement-done</type>
</msg>
<msg id="4" tool="runtool">
  <type>collector-starts</type>
</msg>
<msg id="5" tool="runtool">
  <type>marker-file</type>
  <arg>/home/u185963/Examen_Final/oneAPI-samples/DirectProgramming/C++SYCL/N-BodyMethods/Nbody/build/src/advi_results/e000/trc000/trc000.advixe</arg>
</msg>
<msg id="6" tool="trc">
  <type>PROCESS_START</type>
  <arg>/home/u185963/Examen_Final/oneAPI-samples/DirectProgramming/C++SYCL/N-BodyMethods/Nbody/build/src/nbody</arg>
  <arg>2561582</arg>
  <severity>INFO</severity>
  <timestamp>Fri Mar 17 08:16:48 2023</timestamp>
</msg>
<msg id="7" tool="trc">
  <type>PROCESS_ANALYSIS_MODE</type>
  <arg>full</arg>
  <severity>INFO</severity>
  <timestamp>Fri Mar 17 08:16:48 2023</timestamp>
</msg>
<msg id="8" tool="trc">
  <type>LOAD_MODULE</type>
  <arg>/home/u185963/Examen_Final/oneAPI-samples/DirectProgramming/C++SYCL/N-BodyMethods/Nbody/build/src/nbody</arg>
  <arg>0x400000</arg>
  <arg>0x5a13ef</arg>
  <arg>yes</arg>
  <severity>INFO</severity>
  <timestamp>Fri Mar 17 08:16:48 2023</timestamp>
</msg>
<msg id="9" tool="trc">
  <type>LOAD_MODULE</type>
  <arg>/lib64/ld-linux-x86-64.so.2</arg>
  <arg>0x7f26ca3cd000</arg>
  <arg>0x7f26ca3fc18f</arg>
  <arg>no</arg>
  <severity>INFO</severity>
  <timestamp>Fri Mar 17 08:16:48 2023</timestamp>
</msg>
<msg id="10" tool="trc">
  <type>LOAD_MODULE</type>
  <arg>[vdso]</arg>
  <arg>0x7fff5c1b2000</arg>
  <arg>0x7fff5c1b30eb</arg>
  <arg>no</arg>
  <severity>INFO</severity>
  <timestamp>Fri Mar 17 08:16:48 2023</timestamp>
</msg>
<msg id="11" tool="trc">
  <type>LOAD_MODULE</type>
  <arg>/glob/development-tools/versions/oneapi/2023.0.1/oneapi/compiler/2023.0.0/linux/lib/libOpenCL.so.1</arg>
  <arg>0x7f26b3c4f000</arg>
  <arg>0x7f26b3c5d87b</arg>
  <arg>yes</arg>
  <severity>INFO</severity>
  <timestamp>Fri Mar 17 08:16:48 2023</timestamp>
</msg>
<msg id="12" tool="trc">
  <type>LOAD_MODULE</type>
  <arg>/glob/development-tools/versions/oneapi/2023.0.1/oneapi/compiler/2023.0.0/linux/lib/libsycl.so.6</arg>
  <arg>0x7f26b38f4000</arg>
  <arg>0x7f26b3bd8a8f</arg>
  <arg>yes</arg>
  <severity>INFO</severity>
  <timestamp>Fri Mar 17 08:16:48 2023</timestamp>
</msg>
<msg id="13" tool="trc">
  <type>LOAD_MODULE</type>
  <arg>/lib/x86_64-linux-gnu/libstdc++.so.6</arg>
  <arg>0x7f26b35d4000</arg>
  <arg>0x7f26b37b57ff</arg>
  <arg>no</arg>
  <severity>INFO</severity>
  <timestamp>Fri Mar 17 08:16:48 2023</timestamp>
</msg>
<msg id="14" tool="trc">
  <type>LOAD_MODULE</type>
  <arg>/lib/x86_64-linux-gnu/libm.so.6</arg>
  <arg>0x7f26b3454000</arg>
  <arg>0x7f26b35a210f</arg>
  <arg>no</arg>
  <severity>INFO</severity>
  <timestamp>Fri Mar 17 08:16:48 2023</timestamp>
</msg>
<msg id="15" tool="trc">
  <type>LOAD_MODULE</type>
  <arg>/lib/x86_64-linux-gnu/libgcc_s.so.1</arg>
  <arg>0x7f26b3439000</arg>
  <arg>0x7f26b3453447</arg>
  <arg>no</arg>
  <severity>INFO</severity>
  <timestamp>Fri Mar 17 08:16:48 2023</timestamp>
</msg>
<msg id="16" tool="trc">
  <type>LOAD_MODULE</type>
  <arg>/lib/x86_64-linux-gnu/libdl.so.2</arg>
  <arg>0x7f26b35c9000</arg>
  <arg>0x7f26b35ce10f</arg>
  <arg>no</arg>
  <severity>INFO</severity>
  <timestamp>Fri Mar 17 08:16:48 2023</timestamp>
</msg>
<msg id="17" tool="trc">
  <type>LOAD_MODULE</type>
  <arg>/lib/x86_64-linux-gnu/libc.so.6</arg>
  <arg>0x7f26b320e000</arg>
  <arg>0x7f26b33ff65f</arg>
  <arg>no</arg>
  <severity>INFO</severity>
  <timestamp>Fri Mar 17 08:16:48 2023</timestamp>
</msg>
<msg id="18" tool="trc">
  <type>LOAD_MODULE</type>
  <arg>/glob/development-tools/versions/oneapi/2023.0.1/oneapi/compiler/2023.0.0/linux/compiler/lib/intel64_lin/libsvml.so</arg>
  <arg>0x7f26b1c02000</arg>
  <arg>0x7f26b320dd87</arg>
  <arg>yes</arg>
  <severity>INFO</severity>
  <timestamp>Fri Mar 17 08:16:48 2023</timestamp>
</msg>
<msg id="19" tool="trc">
  <type>LOAD_MODULE</type>
  <arg>/glob/development-tools/versions/oneapi/2023.0.1/oneapi/compiler/2023.0.0/linux/compiler/lib/intel64_lin/libirng.so</arg>
  <arg>0x7f26b1898000</arg>
  <arg>0x7f26b1c01d17</arg>
  <arg>yes</arg>
  <severity>INFO</severity>
  <timestamp>Fri Mar 17 08:16:48 2023</timestamp>
</msg>
<msg id="20" tool="trc">
  <type>LOAD_MODULE</type>
  <arg>/glob/development-tools/versions/oneapi/2023.0.1/oneapi/compiler/2023.0.0/linux/compiler/lib/intel64_lin/libimf.so</arg>
  <arg>0x7f26b14b3000</arg>
  <arg>0x7f26b18975df</arg>
  <arg>yes</arg>
  <severity>INFO</severity>
  <timestamp>Fri Mar 17 08:16:48 2023</timestamp>
</msg>
<msg id="21" tool="trc">
  <type>LOAD_MODULE</type>
  <arg>/glob/development-tools/versions/oneapi/2023.0.1/oneapi/compiler/2023.0.0/linux/compiler/lib/intel64_lin/libintlc.so.5</arg>
  <arg>0x7f26b1440000</arg>
  <arg>0x7f26b14b2e37</arg>
  <arg>yes</arg>
  <severity>INFO</severity>
  <timestamp>Fri Mar 17 08:16:48 2023</timestamp>
</msg>
<msg id="22" tool="trc">
  <type>LOAD_MODULE</type>
  <arg>/lib/x86_64-linux-gnu/libpthread.so.0</arg>
  <arg>0x7f26b141d000</arg>
  <arg>0x7f26b143f477</arg>
  <arg>yes</arg>
  <severity>INFO</severity>
  <timestamp>Fri Mar 17 08:16:48 2023</timestamp>
</msg>
<msg id="23" tool="trc">
  <type>LOAD_MODULE</type>
  <arg>/glob/development-tools/versions/oneapi/2023.0.1/oneapi/compiler/2023.0.0/linux/lib/libpi_opencl.so</arg>
  <arg>0x7f26aac9f000</arg>
  <arg>0x7f26aace930f</arg>
  <arg>yes</arg>
  <severity>INFO</severity>
  <timestamp>Fri Mar 17 08:16:49 2023</timestamp>
</msg>
<msg id="24" tool="trc">
  <type>LOAD_MODULE</type>
  <arg>/glob/development-tools/versions/oneapi/2023.0.1/oneapi/compiler/2023.0.0/linux/lib/libpi_level_zero.so</arg>
  <arg>0x7f26aa87c000</arg>
  <arg>0x7f26aa9a14cf</arg>
  <arg>yes</arg>
  <severity>INFO</severity>
  <timestamp>Fri Mar 17 08:16:49 2023</timestamp>
</msg>
<msg id="25" tool="trc">
  <type>LOAD_MODULE</type>
  <arg>/lib/x86_64-linux-gnu/libze_loader.so.1</arg>
  <arg>0x7f26aa6da000</arg>
  <arg>0x7f26aa71f307</arg>
  <arg>no</arg>
  <severity>INFO</severity>
  <timestamp>Fri Mar 17 08:16:49 2023</timestamp>
</msg>
<msg id="26" tool="trc">
  <type>LOAD_MODULE</type>
  <arg>/glob/development-tools/versions/oneapi/2023.0.1/oneapi/compiler/2023.0.0/linux/lib/x64/libintelocl_emu.so</arg>
  <arg>0x7f26a949b000</arg>
  <arg>0x7f26a9af0c19</arg>
  <arg>yes</arg>
  <severity>INFO</severity>
  <timestamp>Fri Mar 17 08:16:49 2023</timestamp>
</msg>
<msg id="27" tool="trc">
  <type>LOAD_MODULE</type>
  <arg>/glob/development-tools/versions/oneapi/2023.0.1/oneapi/compiler/2023.0.0/linux/lib/x64/libtask_executor_emu.so.2022.15.12.0</arg>
  <arg>0x7f26a934c000</arg>
  <arg>0x7f26a949aa2f</arg>
  <arg>yes</arg>
  <severity>INFO</severity>
  <timestamp>Fri Mar 17 08:16:49 2023</timestamp>
</msg>
<msg id="28" tool="trc">
  <type>LOAD_MODULE</type>
  <arg>/glob/development-tools/versions/oneapi/2023.0.1/oneapi/compiler/2023.0.0/linux/lib/x64/libcl_logger_emu.so.2022.15.12.0</arg>
  <arg>0x7f26a9220000</arg>
  <arg>0x7f26a934b29f</arg>
  <arg>yes</arg>
  <severity>INFO</severity>
  <timestamp>Fri Mar 17 08:16:49 2023</timestamp>
</msg>
<msg id="29" tool="trc">
  <type>LOAD_MODULE</type>
  <arg>/lib/x86_64-linux-gnu/libz.so.1</arg>
  <arg>0x7f26a9151000</arg>
  <arg>0x7f26a916c0b7</arg>
  <arg>no</arg>
  <severity>INFO</severity>
  <timestamp>Fri Mar 17 08:16:49 2023</timestamp>
</msg>
<msg id="30" tool="trc">
  <type>LOAD_MODULE</type>
  <arg>/lib/x86_64-linux-gnu/librt.so.1</arg>
  <arg>0x7f26a9126000</arg>
  <arg>0x7f26a912fbdf</arg>
  <arg>no</arg>
  <severity>INFO</severity>
  <timestamp>Fri Mar 17 08:16:49 2023</timestamp>
</msg>
<msg id="31" tool="trc">
  <type>LOAD_MODULE</type>
  <arg>/glob/development-tools/versions/oneapi/2023.0.1/oneapi/tbb/2021.8.0/env/../lib/intel64/gcc4.8/libtbb.so.12</arg>
  <arg>0x7f26a8e7e000</arg>
  <arg>0x7f26a90f53bf</arg>
  <arg>yes</arg>
  <severity>INFO</severity>
  <timestamp>Fri Mar 17 08:16:49 2023</timestamp>
</msg>
<msg id="32" tool="trc">
  <type>LOAD_MODULE</type>
  <arg>/glob/development-tools/versions/oneapi/2023.0.1/oneapi/tbb/2021.8.0/env/../lib/intel64/gcc4.8/libtbbmalloc.so.2</arg>
  <arg>0x7f26a8c22000</arg>
  <arg>0x7f26a8e7d17f</arg>
  <arg>yes</arg>
  <severity>INFO</severity>
  <timestamp>Fri Mar 17 08:16:49 2023</timestamp>
</msg>
<msg id="33" tool="trc">
  <type>LOAD_MODULE</type>
  <arg>/glob/development-tools/versions/oneapi/2023.0.1/oneapi/advisor/2023.0.0/lib64/runtime/libittnotify.so</arg>
  <arg>0x7f26a5452000</arg>
  <arg>0x7f26a565e65f</arg>
  <arg>no</arg>
  <severity>INFO</severity>
  <timestamp>Fri Mar 17 08:16:49 2023</timestamp>
</msg>
<msg id="34" tool="trc">
  <type>LOAD_MODULE</type>
  <arg>/glob/development-tools/versions/oneapi/2023.0.1/oneapi/compiler/2023.0.0/linux/lib/x64/libcpu_device_emu.so.2022.15.12.0</arg>
  <arg>0x7f26a4f1a000</arg>
  <arg>0x7f26a508bc4f</arg>
  <arg>yes</arg>
  <severity>INFO</severity>
  <timestamp>Fri Mar 17 08:16:49 2023</timestamp>
</msg>
<msg id="35" tool="trc">
  <type>LOAD_MODULE</type>
  <arg>/glob/development-tools/versions/oneapi/2023.0.1/oneapi/compiler/2023.0.0/linux/lib/oclfpga/host/linux64/lib/libalteracl.so</arg>
  <arg>0x7f269ff42000</arg>
  <arg>0x7f26a44a806f</arg>
  <arg>yes</arg>
  <severity>INFO</severity>
  <timestamp>Fri Mar 17 08:16:49 2023</timestamp>
</msg>
<msg id="36" tool="trc">
  <type>LOAD_MODULE</type>
  <arg>/glob/development-tools/versions/oneapi/2023.0.1/oneapi/compiler/2023.0.0/linux/lib/oclfpga/host/linux64/lib/libelf.so.0</arg>
  <arg>0x7f269fd2c000</arg>
  <arg>0x7f269ff41b0f</arg>
  <arg>yes</arg>
  <severity>INFO</severity>
  <timestamp>Fri Mar 17 08:16:50 2023</timestamp>
</msg>
<msg id="37" tool="trc">
  <type>UNLOAD_MODULE</type>
  <arg>/glob/development-tools/versions/oneapi/2023.0.1/oneapi/compiler/2023.0.0/linux/lib/oclfpga/host/linux64/lib/libalteracl.so</arg>
  <severity>INFO</severity>
  <timestamp>Fri Mar 17 08:16:50 2023</timestamp>
</msg>
<msg id="38" tool="trc">
  <type>UNLOAD_MODULE</type>
  <arg>/glob/development-tools/versions/oneapi/2023.0.1/oneapi/compiler/2023.0.0/linux/lib/oclfpga/host/linux64/lib/libelf.so.0</arg>
  <severity>INFO</severity>
  <timestamp>Fri Mar 17 08:16:50 2023</timestamp>
</msg>
<msg id="39" tool="trc">
  <type>LOAD_MODULE</type>
  <arg>/glob/development-tools/versions/oneapi/2023.0.1/oneapi/compiler/2023.0.0/linux/lib/x64/libintelocl.so</arg>
  <arg>0x7f26a3de0000</arg>
  <arg>0x7f26a4435c09</arg>
  <arg>yes</arg>
  <severity>INFO</severity>
  <timestamp>Fri Mar 17 08:16:50 2023</timestamp>
</msg>
<msg id="40" tool="trc">
  <type>LOAD_MODULE</type>
  <arg>/glob/development-tools/versions/oneapi/2023.0.1/oneapi/compiler/2023.0.0/linux/lib/x64/libtask_executor.so.2022.15.12.0</arg>
  <arg>0x7f26a3c91000</arg>
  <arg>0x7f26a3ddfa1f</arg>
  <arg>yes</arg>
  <severity>INFO</severity>
  <timestamp>Fri Mar 17 08:16:50 2023</timestamp>
</msg>
<msg id="41" tool="trc">
  <type>LOAD_MODULE</type>
  <arg>/glob/development-tools/versions/oneapi/2023.0.1/oneapi/compiler/2023.0.0/linux/lib/x64/libcl_logger.so.2022.15.12.0</arg>
  <arg>0x7f26a3b65000</arg>
  <arg>0x7f26a3c9029f</arg>
  <arg>yes</arg>
  <severity>INFO</severity>
  <timestamp>Fri Mar 17 08:16:50 2023</timestamp>
</msg>
<msg id="42" tool="trc">
  <type>LOAD_MODULE</type>
  <arg>/glob/development-tools/versions/oneapi/2023.0.1/oneapi/compiler/2023.0.0/linux/lib/x64/libcpu_device.so.2022.15.12.0</arg>
  <arg>0x7f26a23dd000</arg>
  <arg>0x7f26a254ec3f</arg>
  <arg>yes</arg>
  <severity>INFO</severity>
  <timestamp>Fri Mar 17 08:16:50 2023</timestamp>
</msg>
<msg id="43" tool="trc">
  <type>LOAD_MODULE</type>
  <arg>/usr/lib/x86_64-linux-gnu/intel-opencl/libigdrcl.so</arg>
  <arg>0x7f26a10c3000</arg>
  <arg>0x7f26a1b61337</arg>
  <arg>no</arg>
  <severity>INFO</severity>
  <timestamp>Fri Mar 17 08:16:50 2023</timestamp>
</msg>
<msg id="44" tool="trc">
  <type>LOAD_MODULE</type>
  <arg>/lib/x86_64-linux-gnu/libigdgmm.so.12</arg>
  <arg>0x7f26a1021000</arg>
  <arg>0x7f26a10b2ce7</arg>
  <arg>no</arg>
  <severity>INFO</severity>
  <timestamp>Fri Mar 17 08:16:50 2023</timestamp>
</msg>
<msg id="45" tool="trc">
  <type>LOAD_MODULE</type>
  <arg>/lib/x86_64-linux-gnu/libigdfcl.so.1</arg>
  <arg>0x7f269c264000</arg>
  <arg>0x7f269c407d9f</arg>
  <arg>no</arg>
  <severity>INFO</severity>
  <timestamp>Fri Mar 17 08:16:51 2023</timestamp>
</msg>
<msg id="46" tool="trc">
  <type>LOAD_MODULE</type>
  <arg>/lib/x86_64-linux-gnu/libopencl-clang.so.11</arg>
  <arg>0x7f2692816000</arg>
  <arg>0x7f2696f37967</arg>
  <arg>no</arg>
  <severity>INFO</severity>
  <timestamp>Fri Mar 17 08:16:51 2023</timestamp>
</msg>
<msg id="47" tool="trc">
  <type>LOAD_MODULE</type>
  <arg>/lib/x86_64-linux-gnu/libigc.so.1</arg>
  <arg>0x7f2684d1d000</arg>
  <arg>0x7f268988b2e7</arg>
  <arg>no</arg>
  <severity>INFO</severity>
  <timestamp>Fri Mar 17 08:16:52 2023</timestamp>
</msg>
<msg id="48" tool="trc">
  <type>LOAD_MODULE</type>
  <arg>/lib/x86_64-linux-gnu/libva.so.2</arg>
  <arg>0x7f268ed1e000</arg>
  <arg>0x7f268ed4a9bf</arg>
  <arg>no</arg>
  <severity>INFO</severity>
  <timestamp>Fri Mar 17 08:16:53 2023</timestamp>
</msg>
<msg id="49" tool="trc">
  <type>UNLOAD_MODULE</type>
  <arg>/lib/x86_64-linux-gnu/libva.so.2</arg>
  <severity>INFO</severity>
  <timestamp>Fri Mar 17 08:16:53 2023</timestamp>
</msg>
<msg id="50" tool="trc">
  <type>LOAD_MODULE</type>
  <arg>/lib/x86_64-linux-gnu/libze_intel_gpu.so.1</arg>
  <arg>0x7f2683dae000</arg>
  <arg>0x7f26847acbb7</arg>
  <arg>no</arg>
  <severity>INFO</severity>
  <timestamp>Fri Mar 17 08:16:53 2023</timestamp>
</msg>
<msg id="51" tool="trc">
  <type>UNLOAD_MODULE</type>
  <arg>/home/u185963/Examen_Final/oneAPI-samples/DirectProgramming/C++SYCL/N-BodyMethods/Nbody/build/src/nbody</arg>
  <severity>INFO</severity>
  <timestamp>Fri Mar 17 08:17:09 2023</timestamp>
</msg>
<msg id="52" tool="trc">
  <type>UNLOAD_MODULE</type>
  <arg>/lib64/ld-linux-x86-64.so.2</arg>
  <severity>INFO</severity>
  <timestamp>Fri Mar 17 08:17:09 2023</timestamp>
</msg>
<msg id="53" tool="trc">
  <type>UNLOAD_MODULE</type>
  <arg>[vdso]</arg>
  <severity>INFO</severity>
  <timestamp>Fri Mar 17 08:17:09 2023</timestamp>
</msg>
<msg id="54" tool="trc">
  <type>UNLOAD_MODULE</type>
  <arg>/glob/development-tools/versions/oneapi/2023.0.1/oneapi/compiler/2023.0.0/linux/lib/libOpenCL.so.1</arg>
  <severity>INFO</severity>
  <timestamp>Fri Mar 17 08:17:09 2023</timestamp>
</msg>
<msg id="55" tool="trc">
  <type>UNLOAD_MODULE</type>
  <arg>/glob/development-tools/versions/oneapi/2023.0.1/oneapi/compiler/2023.0.0/linux/lib/libsycl.so.6</arg>
  <severity>INFO</severity>
  <timestamp>Fri Mar 17 08:17:09 2023</timestamp>
</msg>
<msg id="56" tool="trc">
  <type>UNLOAD_MODULE</type>
  <arg>/lib/x86_64-linux-gnu/libstdc++.so.6</arg>
  <severity>INFO</severity>
  <timestamp>Fri Mar 17 08:17:09 2023</timestamp>
</msg>
<msg id="57" tool="trc">
  <type>UNLOAD_MODULE</type>
  <arg>/lib/x86_64-linux-gnu/libm.so.6</arg>
  <severity>INFO</severity>
  <timestamp>Fri Mar 17 08:17:09 2023</timestamp>
</msg>
<msg id="58" tool="trc">
  <type>UNLOAD_MODULE</type>
  <arg>/lib/x86_64-linux-gnu/libgcc_s.so.1</arg>
  <severity>INFO</severity>
  <timestamp>Fri Mar 17 08:17:09 2023</timestamp>
</msg>
<msg id="59" tool="trc">
  <type>UNLOAD_MODULE</type>
  <arg>/lib/x86_64-linux-gnu/libdl.so.2</arg>
  <severity>INFO</severity>
  <timestamp>Fri Mar 17 08:17:09 2023</timestamp>
</msg>
<msg id="60" tool="trc">
  <type>UNLOAD_MODULE</type>
  <arg>/lib/x86_64-linux-gnu/libc.so.6</arg>
  <severity>INFO</severity>
  <timestamp>Fri Mar 17 08:17:09 2023</timestamp>
</msg>
<msg id="61" tool="trc">
  <type>UNLOAD_MODULE</type>
  <arg>/glob/development-tools/versions/oneapi/2023.0.1/oneapi/compiler/2023.0.0/linux/compiler/lib/intel64_lin/libsvml.so</arg>
  <severity>INFO</severity>
  <timestamp>Fri Mar 17 08:17:09 2023</timestamp>
</msg>
<msg id="62" tool="trc">
  <type>UNLOAD_MODULE</type>
  <arg>/glob/development-tools/versions/oneapi/2023.0.1/oneapi/compiler/2023.0.0/linux/compiler/lib/intel64_lin/libirng.so</arg>
  <severity>INFO</severity>
  <timestamp>Fri Mar 17 08:17:09 2023</timestamp>
</msg>
<msg id="63" tool="trc">
  <type>UNLOAD_MODULE</type>
  <arg>/glob/development-tools/versions/oneapi/2023.0.1/oneapi/compiler/2023.0.0/linux/compiler/lib/intel64_lin/libimf.so</arg>
  <severity>INFO</severity>
  <timestamp>Fri Mar 17 08:17:09 2023</timestamp>
</msg>
<msg id="64" tool="trc">
  <type>UNLOAD_MODULE</type>
  <arg>/glob/development-tools/versions/oneapi/2023.0.1/oneapi/compiler/2023.0.0/linux/compiler/lib/intel64_lin/libintlc.so.5</arg>
  <severity>INFO</severity>
  <timestamp>Fri Mar 17 08:17:09 2023</timestamp>
</msg>
<msg id="65" tool="trc">
  <type>UNLOAD_MODULE</type>
  <arg>/lib/x86_64-linux-gnu/libpthread.so.0</arg>
  <severity>INFO</severity>
  <timestamp>Fri Mar 17 08:17:09 2023</timestamp>
</msg>
<msg id="66" tool="trc">
  <type>UNLOAD_MODULE</type>
  <arg>/glob/development-tools/versions/oneapi/2023.0.1/oneapi/compiler/2023.0.0/linux/lib/libpi_opencl.so</arg>
  <severity>INFO</severity>
  <timestamp>Fri Mar 17 08:17:09 2023</timestamp>
</msg>
<msg id="67" tool="trc">
  <type>UNLOAD_MODULE</type>
  <arg>/glob/development-tools/versions/oneapi/2023.0.1/oneapi/compiler/2023.0.0/linux/lib/libpi_level_zero.so</arg>
  <severity>INFO</severity>
  <timestamp>Fri Mar 17 08:17:09 2023</timestamp>
</msg>
<msg id="68" tool="trc">
  <type>UNLOAD_MODULE</type>
  <arg>/lib/x86_64-linux-gnu/libze_loader.so.1</arg>
  <severity>INFO</severity>
  <timestamp>Fri Mar 17 08:17:09 2023</timestamp>
</msg>
<msg id="69" tool="trc">
  <type>UNLOAD_MODULE</type>
  <arg>/glob/development-tools/versions/oneapi/2023.0.1/oneapi/compiler/2023.0.0/linux/lib/x64/libintelocl_emu.so</arg>
  <severity>INFO</severity>
  <timestamp>Fri Mar 17 08:17:09 2023</timestamp>
</msg>
<msg id="70" tool="trc">
  <type>UNLOAD_MODULE</type>
  <arg>/glob/development-tools/versions/oneapi/2023.0.1/oneapi/compiler/2023.0.0/linux/lib/x64/libtask_executor_emu.so.2022.15.12.0</arg>
  <severity>INFO</severity>
  <timestamp>Fri Mar 17 08:17:09 2023</timestamp>
</msg>
<msg id="71" tool="trc">
  <type>UNLOAD_MODULE</type>
  <arg>/glob/development-tools/versions/oneapi/2023.0.1/oneapi/compiler/2023.0.0/linux/lib/x64/libcl_logger_emu.so.2022.15.12.0</arg>
  <severity>INFO</severity>
  <timestamp>Fri Mar 17 08:17:09 2023</timestamp>
</msg>
<msg id="72" tool="trc">
  <type>UNLOAD_MODULE</type>
  <arg>/lib/x86_64-linux-gnu/libz.so.1</arg>
  <severity>INFO</severity>
  <timestamp>Fri Mar 17 08:17:09 2023</timestamp>
</msg>
<msg id="73" tool="trc">
  <type>UNLOAD_MODULE</type>
  <arg>/lib/x86_64-linux-gnu/librt.so.1</arg>
  <severity>INFO</severity>
  <timestamp>Fri Mar 17 08:17:09 2023</timestamp>
</msg>
<msg id="74" tool="trc">
  <type>UNLOAD_MODULE</type>
  <arg>/glob/development-tools/versions/oneapi/2023.0.1/oneapi/tbb/2021.8.0/env/../lib/intel64/gcc4.8/libtbb.so.12</arg>
  <severity>INFO</severity>
  <timestamp>Fri Mar 17 08:17:09 2023</timestamp>
</msg>
<msg id="75" tool="trc">
  <type>UNLOAD_MODULE</type>
  <arg>/glob/development-tools/versions/oneapi/2023.0.1/oneapi/tbb/2021.8.0/env/../lib/intel64/gcc4.8/libtbbmalloc.so.2</arg>
  <severity>INFO</severity>
  <timestamp>Fri Mar 17 08:17:09 2023</timestamp>
</msg>
<msg id="76" tool="trc">
  <type>UNLOAD_MODULE</type>
  <arg>/glob/development-tools/versions/oneapi/2023.0.1/oneapi/advisor/2023.0.0/lib64/runtime/libittnotify.so</arg>
  <severity>INFO</severity>
  <timestamp>Fri Mar 17 08:17:09 2023</timestamp>
</msg>
<msg id="77" tool="trc">
  <type>UNLOAD_MODULE</type>
  <arg>/glob/development-tools/versions/oneapi/2023.0.1/oneapi/compiler/2023.0.0/linux/lib/x64/libcpu_device_emu.so.2022.15.12.0</arg>
  <severity>INFO</severity>
  <timestamp>Fri Mar 17 08:17:09 2023</timestamp>
</msg>
<msg id="78" tool="trc">
  <type>UNLOAD_MODULE</type>
  <arg>/glob/development-tools/versions/oneapi/2023.0.1/oneapi/compiler/2023.0.0/linux/lib/x64/libintelocl.so</arg>
  <severity>INFO</severity>
  <timestamp>Fri Mar 17 08:17:09 2023</timestamp>
</msg>
<msg id="79" tool="trc">
  <type>UNLOAD_MODULE</type>
  <arg>/glob/development-tools/versions/oneapi/2023.0.1/oneapi/compiler/2023.0.0/linux/lib/x64/libtask_executor.so.2022.15.12.0</arg>
  <severity>INFO</severity>
  <timestamp>Fri Mar 17 08:17:09 2023</timestamp>
</msg>
<msg id="80" tool="trc">
  <type>UNLOAD_MODULE</type>
  <arg>/glob/development-tools/versions/oneapi/2023.0.1/oneapi/compiler/2023.0.0/linux/lib/x64/libcl_logger.so.2022.15.12.0</arg>
  <severity>INFO</severity>
  <timestamp>Fri Mar 17 08:17:09 2023</timestamp>
</msg>
<msg id="81" tool="trc">
  <type>UNLOAD_MODULE</type>
  <arg>/glob/development-tools/versions/oneapi/2023.0.1/oneapi/compiler/2023.0.0/linux/lib/x64/libcpu_device.so.2022.15.12.0</arg>
  <severity>INFO</severity>
  <timestamp>Fri Mar 17 08:17:09 2023</timestamp>
</msg>
<msg id="82" tool="trc">
  <type>UNLOAD_MODULE</type>
  <arg>/usr/lib/x86_64-linux-gnu/intel-opencl/libigdrcl.so</arg>
  <severity>INFO</severity>
  <timestamp>Fri Mar 17 08:17:09 2023</timestamp>
</msg>
<msg id="83" tool="trc">
  <type>UNLOAD_MODULE</type>
  <arg>/lib/x86_64-linux-gnu/libigdgmm.so.12</arg>
  <severity>INFO</severity>
  <timestamp>Fri Mar 17 08:17:09 2023</timestamp>
</msg>
<msg id="84" tool="trc">
  <type>UNLOAD_MODULE</type>
  <arg>/lib/x86_64-linux-gnu/libigdfcl.so.1</arg>
  <severity>INFO</severity>
  <timestamp>Fri Mar 17 08:17:09 2023</timestamp>
</msg>
<msg id="85" tool="trc">
  <type>UNLOAD_MODULE</type>
  <arg>/lib/x86_64-linux-gnu/libopencl-clang.so.11</arg>
  <severity>INFO</severity>
  <timestamp>Fri Mar 17 08:17:09 2023</timestamp>
</msg>
<msg id="86" tool="trc">
  <type>UNLOAD_MODULE</type>
  <arg>/lib/x86_64-linux-gnu/libigc.so.1</arg>
  <severity>INFO</severity>
  <timestamp>Fri Mar 17 08:17:09 2023</timestamp>
</msg>
<msg id="87" tool="trc">
  <type>UNLOAD_MODULE</type>
  <arg>/lib/x86_64-linux-gnu/libze_intel_gpu.so.1</arg>
  <severity>INFO</severity>
  <timestamp>Fri Mar 17 08:17:09 2023</timestamp>
</msg>
<msg id="88" tool="trc">
  <type>PROCESS_FINISH</type>
  <arg>/home/u185963/Examen_Final/oneAPI-samples/DirectProgramming/C++SYCL/N-BodyMethods/Nbody/build/src/nbody</arg>
  <arg>2561582</arg>
  <arg>0x0</arg>
  <severity>INFO</severity>
  <timestamp>Fri Mar 17 08:17:09 2023</timestamp>
</msg>
<msg id="89" tool="runtool">
  <type>app-exit-code</type>
  <arg>0</arg>
</msg>
<msg id="90" tool="runtool">
  <type>marker-file</type>
  <arg>/home/u185963/Examen_Final/oneAPI-samples/DirectProgramming/C++SYCL/N-BodyMethods/Nbody/build/src/advi_results/e000/trc000/trc000.advixe</arg>
</msg>
<msg id="91" tool="runtool">
  <type>collector-done</type>
</msg>
<msg id="92" tool="runtool">
  <type>log-end</type>
  <arg>2023/03/17 08:17:13</arg>
</msg>

</log>

