
2266108 : 0x725dff9e44104 : 1 : spill_jit_data :  Jit agent is not initialized
2266080 : 0x725dffa4fe97c : 2 : ittapi_config_mask_get :  --itt-config mask to be applied: 5
2266080 : 0x725dffa502070 : 2 : ittapi_config_apply_per_lib :  ITTAPI function instrumented: __itt_domain_create
2266080 : 0x725dffa50374c : 2 : ittapi_config_apply_per_lib :  ITTAPI function instrumented: __itt_string_handle_create
2266080 : 0x725dffa504a82 : 2 : ittapi_config_apply_per_lib :  ITTAPI function instrumented: __itt_pause
2266080 : 0x725dffa505d38 : 2 : ittapi_config_apply_per_lib :  ITTAPI function instrumented: __itt_resume
2266080 : 0x725dffa506e8e : 2 : ittapi_config_apply_per_lib :  ITTAPI function instrumented: __itt_thread_set_name
2266080 : 0x725dffa507f7a : 2 : ittapi_config_apply_per_lib :  ITTAPI function instrumented: __itt_thread_ignore
2266080 : 0x725dffa508f90 : 2 : ittapi_config_apply_per_lib :  ITTAPI function instrumented: __itt_thr_name_set
2266080 : 0x725dffa509f58 : 2 : ittapi_config_apply_per_lib :  ITTAPI function instrumented: __itt_thr_ignore
2266080 : 0x725dffad2a024 : 2 : ittapi_config_apply_per_lib :  ITTAPI function NOT instrumented (not matched by --itt-config option): __itt_sync_create

2266080 : 0x725dffad2c938 : 2 : ittapi_config_apply_per_lib :  ITTAPI function NOT instrumented (not matched by --itt-config option): __itt_sync_rename

2266080 : 0x725dffad2d8f6 : 2 : ittapi_config_apply_per_lib :  ITTAPI function NOT instrumented (not matched by --itt-config option): __itt_sync_destroy

2266080 : 0x725dffad2e73e : 2 : ittapi_config_apply_per_lib :  ITTAPI function NOT instrumented (not matched by --itt-config option): __itt_sync_prepare

2266080 : 0x725dffad2f4c4 : 2 : ittapi_config_apply_per_lib :  ITTAPI function NOT instrumented (not matched by --itt-config option): __itt_sync_cancel

2266080 : 0x725dffad301b0 : 2 : ittapi_config_apply_per_lib :  ITTAPI function NOT instrumented (not matched by --itt-config option): __itt_sync_acquired

2266080 : 0x725dffad30f06 : 2 : ittapi_config_apply_per_lib :  ITTAPI function NOT instrumented (not matched by --itt-config option): __itt_sync_releasing

2266080 : 0x725dffad33ce0 : 2 : ittapi_config_apply_per_lib :  ITTAPI function not implemented: __itt_suppress_push
2266080 : 0x725dffad35780 : 2 : ittapi_config_apply_per_lib :  ITTAPI function not implemented: __itt_suppress_pop
2266080 : 0x725dffad36d90 : 2 : ittapi_config_apply_per_lib :  ITTAPI function not implemented: __itt_suppress_mark_range
2266080 : 0x725dffb4614cc : 2 : ittapi_config_apply_per_lib :  ITTAPI function not implemented: __itt_suppress_clear_range
2266080 : 0x725dffb463ad4 : 2 : ittapi_config_apply_per_lib :  ITTAPI function NOT instrumented (not matched by --itt-config option): __itt_sync_prepare

2266080 : 0x725dffb464b94 : 2 : ittapi_config_apply_per_lib :  ITTAPI function NOT instrumented (not matched by --itt-config option): __itt_sync_cancel

2266080 : 0x725dffb4658a4 : 2 : ittapi_config_apply_per_lib :  ITTAPI function NOT instrumented (not matched by --itt-config option): __itt_sync_acquired

2266080 : 0x725dffb46653c : 2 : ittapi_config_apply_per_lib :  ITTAPI function NOT instrumented (not matched by --itt-config option): __itt_sync_releasing

2266080 : 0x725dffb467332 : 2 : ittapi_config_apply_per_lib :  ITTAPI function NOT instrumented (not matched by --itt-config option): __itt_model_site_begin

2266080 : 0x725dffb4681da : 2 : ittapi_config_apply_per_lib :  ITTAPI function NOT instrumented (not matched by --itt-config option): __itt_model_site_end

2266080 : 0x725dffb468fcc : 2 : ittapi_config_apply_per_lib :  ITTAPI function NOT instrumented (not matched by --itt-config option): __itt_model_task_begin

2266080 : 0x725dffb469f14 : 2 : ittapi_config_apply_per_lib :  ITTAPI function NOT instrumented (not matched by --itt-config option): __itt_model_task_end

2266080 : 0x725dffb46aca0 : 2 : ittapi_config_apply_per_lib :  ITTAPI function NOT instrumented (not matched by --itt-config option): __itt_model_lock_acquire

2266080 : 0x725dffbc2a560 : 2 : ittapi_config_apply_per_lib :  ITTAPI function NOT instrumented (not matched by --itt-config option): __itt_model_lock_release

2266080 : 0x725dffbc2cd7a : 2 : ittapi_config_apply_per_lib :  ITTAPI function NOT instrumented (not matched by --itt-config option): __itt_model_record_allocation

2266080 : 0x725dffbc2dcba : 2 : ittapi_config_apply_per_lib :  ITTAPI function NOT instrumented (not matched by --itt-config option): __itt_model_record_deallocation

2266080 : 0x725dffbc2eb02 : 2 : ittapi_config_apply_per_lib :  ITTAPI function NOT instrumented (not matched by --itt-config option): __itt_model_induction_uses

2266080 : 0x725dffbc2fa42 : 2 : ittapi_config_apply_per_lib :  ITTAPI function NOT instrumented (not matched by --itt-config option): __itt_model_reduction_uses

2266080 : 0x725dffbc3082e : 2 : ittapi_config_apply_per_lib :  ITTAPI function NOT instrumented (not matched by --itt-config option): __itt_model_observe_uses

2266080 : 0x725dffbc314a8 : 2 : ittapi_config_apply_per_lib :  ITTAPI function NOT instrumented (not matched by --itt-config option): __itt_model_clear_uses

2266080 : 0x725dffbc3216e : 2 : ittapi_config_apply_per_lib :  ITTAPI function NOT instrumented (not matched by --itt-config option): __itt_model_site_beginA

2266080 : 0x725dffbc32de0 : 2 : ittapi_config_apply_per_lib :  ITTAPI function NOT instrumented (not matched by --itt-config option): __itt_model_site_beginAL

2266080 : 0x725dffbc33cec : 2 : ittapi_config_apply_per_lib :  ITTAPI function NOT instrumented (not matched by --itt-config option): __itt_model_task_beginA

2266080 : 0x725dffc424d98 : 2 : ittapi_config_apply_per_lib :  ITTAPI function NOT instrumented (not matched by --itt-config option): __itt_model_task_beginAL

2266080 : 0x725dffc427864 : 2 : ittapi_config_apply_per_lib :  ITTAPI function NOT instrumented (not matched by --itt-config option): __itt_model_iteration_taskA

2266080 : 0x725dffc42881c : 2 : ittapi_config_apply_per_lib :  ITTAPI function NOT instrumented (not matched by --itt-config option): __itt_model_iteration_taskAL

2266080 : 0x725dffc4296e0 : 2 : ittapi_config_apply_per_lib :  ITTAPI function NOT instrumented (not matched by --itt-config option): __itt_model_site_end_2

2266080 : 0x725dffc42a5e0 : 2 : ittapi_config_apply_per_lib :  ITTAPI function NOT instrumented (not matched by --itt-config option): __itt_model_task_end_2

2266080 : 0x725dffc42b2c6 : 2 : ittapi_config_apply_per_lib :  ITTAPI function NOT instrumented (not matched by --itt-config option): __itt_model_lock_acquire_2

2266080 : 0x725dffc42c072 : 2 : ittapi_config_apply_per_lib :  ITTAPI function NOT instrumented (not matched by --itt-config option): __itt_model_lock_release_2

2266080 : 0x725dffc42d020 : 2 : ittapi_config_apply_per_lib :  ITTAPI function NOT instrumented (not matched by --itt-config option): __itt_model_aggregate_task

2266080 : 0x725dffc42de1a : 2 : ittapi_config_apply_per_lib :  ITTAPI function NOT instrumented (not matched by --itt-config option): __itt_model_disable_push

2266080 : 0x725dffc42eab2 : 2 : ittapi_config_apply_per_lib :  ITTAPI function NOT instrumented (not matched by --itt-config option): __itt_model_disable_pop

2266080 : 0x725dffcc1a580 : 2 : ittapi_config_apply_per_lib :  ITTAPI function instrumented: __itt_heap_function_create
2266080 : 0x725dffcc1d514 : 2 : ittapi_config_apply_per_lib :  ITTAPI function instrumented: __itt_heap_allocate_begin
2266080 : 0x725dffcc1e924 : 2 : ittapi_config_apply_per_lib :  ITTAPI function instrumented: __itt_heap_allocate_end
2266080 : 0x725dffcc1fa58 : 2 : ittapi_config_apply_per_lib :  ITTAPI function instrumented: __itt_heap_free_begin
2266080 : 0x725dffcc20c66 : 2 : ittapi_config_apply_per_lib :  ITTAPI function instrumented: __itt_heap_free_end
2266080 : 0x725dffcc21d48 : 2 : ittapi_config_apply_per_lib :  ITTAPI function instrumented: __itt_heap_reallocate_begin
2266080 : 0x725dffcc22d68 : 2 : ittapi_config_apply_per_lib :  ITTAPI function instrumented: __itt_heap_reallocate_end
2266080 : 0x725dffcc24888 : 2 : ittapi_config_apply_per_lib :  ITTAPI function not implemented: __itt_heap_internal_access_begin
2266080 : 0x725dffcc25e10 : 2 : ittapi_config_apply_per_lib :  ITTAPI function not implemented: __itt_heap_internal_access_end
2266080 : 0x725dffcc2715a : 2 : ittapi_config_apply_per_lib :  ITTAPI function not implemented: __itt_heap_record_memory_growth_begin
2266080 : 0x725dffd4aac96 : 2 : ittapi_config_apply_per_lib :  ITTAPI function not implemented: __itt_heap_record_memory_growth_end
2266080 : 0x725dffd4add26 : 2 : ittapi_config_apply_per_lib :  ITTAPI function not implemented: __itt_id_create
2266080 : 0x725dffd4af31e : 2 : ittapi_config_apply_per_lib :  ITTAPI function not implemented: __itt_id_destroy
2266080 : 0x725dffd4b066c : 2 : ittapi_config_apply_per_lib :  ITTAPI function not implemented: __itt_region_begin
2266080 : 0x725dffd4b1840 : 2 : ittapi_config_apply_per_lib :  ITTAPI function not implemented: __itt_region_end
2266080 : 0x725dffd4b2dd6 : 2 : ittapi_config_apply_per_lib :  ITTAPI function instrumented: __itt_frame_begin_v3
2266080 : 0x725dffd4b41bc : 2 : ittapi_config_apply_per_lib :  ITTAPI function instrumented: __itt_frame_end_v3
2266080 : 0x725dffd4b566e : 2 : ittapi_config_apply_per_lib :  ITTAPI function not implemented: __itt_task_group
2266080 : 0x725dffd4b68ee : 2 : ittapi_config_apply_per_lib :  ITTAPI function instrumented: __itt_task_begin
2266080 : 0x725dffd4b7a2a : 2 : ittapi_config_apply_per_lib :  ITTAPI function instrumented: __itt_task_begin_fn
2266080 : 0x725dffdcd55b0 : 2 : ittapi_config_apply_per_lib :  ITTAPI function instrumented: __itt_task_end
2266080 : 0x725dffdcd7a4c : 2 : ittapi_config_apply_per_lib :  ITTAPI function NOT instrumented (not matched by --itt-config option): __itt_counter_inc_v3

2266080 : 0x725dffdcd8b50 : 2 : ittapi_config_apply_per_lib :  ITTAPI function NOT instrumented (not matched by --itt-config option): __itt_counter_inc_delta_v3

2266080 : 0x725dffdcda724 : 2 : ittapi_config_apply_per_lib :  ITTAPI function not implemented: __itt_marker
2266080 : 0x725dffdcdbb9c : 2 : ittapi_config_apply_per_lib :  ITTAPI function instrumented: __itt_metadata_add
2266080 : 0x725dffdcdd128 : 2 : ittapi_config_apply_per_lib :  ITTAPI function not implemented: __itt_metadata_str_add
2266080 : 0x725dffdcde760 : 2 : ittapi_config_apply_per_lib :  ITTAPI function not implemented: __itt_relation_add_to_current
2266080 : 0x725dffdcdfae0 : 2 : ittapi_config_apply_per_lib :  ITTAPI function not implemented: __itt_relation_add
2266080 : 0x725dffdce0df6 : 2 : ittapi_config_apply_per_lib :  ITTAPI function instrumented: __itt_event_create
2266080 : 0x725dffdce2208 : 2 : ittapi_config_apply_per_lib :  ITTAPI function NOT instrumented (not matched by --itt-config option): __itt_event_start

2266080 : 0x725dffe645e0e : 2 : ittapi_config_apply_per_lib :  ITTAPI function NOT instrumented (not matched by --itt-config option): __itt_event_end

2266080 : 0x725dffe648c8a : 2 : ittapi_config_apply_per_lib :  ITTAPI function NOT instrumented (not matched by --itt-config option): __itt_sync_set_name

2266080 : 0x725dffe649fd6 : 2 : ittapi_config_apply_per_lib :  ITTAPI function NOT instrumented (not matched by --itt-config option): __itt_notify_sync_name

2266080 : 0x725dffe64afd8 : 2 : ittapi_config_apply_per_lib :  ITTAPI function NOT instrumented (not matched by --itt-config option): __itt_notify_sync_prepare

2266080 : 0x725dffe64bf1c : 2 : ittapi_config_apply_per_lib :  ITTAPI function NOT instrumented (not matched by --itt-config option): __itt_notify_sync_cancel

2266080 : 0x725dffe64ceb2 : 2 : ittapi_config_apply_per_lib :  ITTAPI function NOT instrumented (not matched by --itt-config option): __itt_notify_sync_acquired

2266080 : 0x725dffe64de26 : 2 : ittapi_config_apply_per_lib :  ITTAPI function NOT instrumented (not matched by --itt-config option): __itt_notify_sync_releasing

2266080 : 0x725dffe6502b4 : 2 : ittapi_config_apply_per_lib :  ITTAPI function not implemented: __itt_memory_read
2266080 : 0x725dffe651d94 : 2 : ittapi_config_apply_per_lib :  ITTAPI function not implemented: __itt_memory_write
2266080 : 0x725dffe653186 : 2 : ittapi_config_apply_per_lib :  ITTAPI function not implemented: __itt_memory_update
2266080 : 0x725dffef45a52 : 2 : ittapi_config_apply_per_lib :  ITTAPI function not implemented: __itt_state_get
2266080 : 0x725dffef49234 : 2 : ittapi_config_apply_per_lib :  ITTAPI function not implemented: __itt_state_set
2266080 : 0x725dffef4ac6a : 2 : ittapi_config_apply_per_lib :  ITTAPI function not implemented: __itt_obj_mode_set
2266080 : 0x725dffef4c414 : 2 : ittapi_config_apply_per_lib :  ITTAPI function not implemented: __itt_thr_mode_set
2266080 : 0x725dffef4daa4 : 2 : ittapi_config_apply_per_lib :  ITTAPI function instrumented: __itt_frame_create
2266080 : 0x725dffef4efd4 : 2 : ittapi_config_apply_per_lib :  ITTAPI function instrumented: __itt_frame_begin
2266080 : 0x725dffef50542 : 2 : ittapi_config_apply_per_lib :  ITTAPI function instrumented: __itt_frame_end
2266080 : 0x725dffef51972 : 2 : ittapi_config_apply_per_lib :  ITTAPI function instrumented: __itt_counter_create
2266080 : 0x725dffef52c16 : 2 : ittapi_config_apply_per_lib :  ITTAPI function NOT instrumented (not matched by --itt-config option): __itt_counter_destroy

2266080 : 0x725dffef53ed8 : 2 : ittapi_config_apply_per_lib :  ITTAPI function NOT instrumented (not matched by --itt-config option): __itt_counter_inc

2266080 : 0x725dfff89292e : 2 : ittapi_config_apply_per_lib :  ITTAPI function NOT instrumented (not matched by --itt-config option): __itt_counter_inc_delta

2266080 : 0x725dfff896f7c : 2 : ittapi_config_apply_per_lib :  ITTAPI function not implemented: __itt_mark_create
2266080 : 0x725dfff899056 : 2 : ittapi_config_apply_per_lib :  ITTAPI function not implemented: __itt_mark
2266080 : 0x725dfff89a9b0 : 2 : ittapi_config_apply_per_lib :  ITTAPI function not implemented: __itt_mark_off
2266080 : 0x725dfff89c042 : 2 : ittapi_config_apply_per_lib :  ITTAPI function not implemented: __itt_mark_global
2266080 : 0x725dfff89d790 : 2 : ittapi_config_apply_per_lib :  ITTAPI function not implemented: __itt_mark_global_off
2266080 : 0x725dfff89e944 : 2 : ittapi_config_apply_per_lib :  ITTAPI function NOT instrumented (not matched by --itt-config option): __itt_stack_caller_create

2266080 : 0x725dfff89fb7c : 2 : ittapi_config_apply_per_lib :  ITTAPI function NOT instrumented (not matched by --itt-config option): __itt_stack_caller_destroy

2266080 : 0x725dfff8a0cca : 2 : ittapi_config_apply_per_lib :  ITTAPI function NOT instrumented (not matched by --itt-config option): __itt_stack_callee_enter

2266080 : 0x725dfff8a1cf2 : 2 : ittapi_config_apply_per_lib :  ITTAPI function NOT instrumented (not matched by --itt-config option): __itt_stack_callee_leave

2266080 : 0x725e000256316 : 2 : ittapi_config_apply_per_lib :  ITTAPI function not implemented: __itt_clock_domain_create
2266080 : 0x725e00025a3b6 : 2 : ittapi_config_apply_per_lib :  ITTAPI function not implemented: __itt_clock_domain_reset
2266080 : 0x725e00025be4a : 2 : ittapi_config_apply_per_lib :  ITTAPI function not implemented: __itt_id_create_ex
2266080 : 0x725e00025d776 : 2 : ittapi_config_apply_per_lib :  ITTAPI function not implemented: __itt_id_destroy_ex
2266080 : 0x725e00025f062 : 2 : ittapi_config_apply_per_lib :  ITTAPI function not implemented: __itt_task_begin_ex
2266080 : 0x725e000260766 : 2 : ittapi_config_apply_per_lib :  ITTAPI function not implemented: __itt_task_begin_fn_ex
2266080 : 0x725e000261d26 : 2 : ittapi_config_apply_per_lib :  ITTAPI function not implemented: __itt_task_end_ex
2266080 : 0x725e00026385c : 2 : ittapi_config_apply_per_lib :  ITTAPI function instrumented: __itt_task_begin_overlapped
2266080 : 0x725e00026522e : 2 : ittapi_config_apply_per_lib :  ITTAPI function not implemented: __itt_task_begin_overlapped_ex
2266080 : 0x725e000266a7e : 2 : ittapi_config_apply_per_lib :  ITTAPI function instrumented: __itt_task_end_overlapped
2266080 : 0x725e000b35366 : 2 : ittapi_config_apply_per_lib :  ITTAPI function not implemented: __itt_task_end_overlapped_ex
2266080 : 0x725e000b39640 : 2 : ittapi_config_apply_per_lib :  ITTAPI function not implemented: __itt_marker_ex
2266080 : 0x725e000b3b70c : 2 : ittapi_config_apply_per_lib :  ITTAPI function not implemented: __itt_metadata_add_with_scope
2266080 : 0x725e000b3d0aa : 2 : ittapi_config_apply_per_lib :  ITTAPI function not implemented: __itt_metadata_str_add_with_scope
2266080 : 0x725e000b3e878 : 2 : ittapi_config_apply_per_lib :  ITTAPI function not implemented: __itt_relation_add_to_current_ex
2266080 : 0x725e000b4006c : 2 : ittapi_config_apply_per_lib :  ITTAPI function not implemented: __itt_relation_add_ex
2266080 : 0x725e000b418fe : 2 : ittapi_config_apply_per_lib :  ITTAPI function not implemented: __itt_track_group_create
2266080 : 0x725e000b42dd8 : 2 : ittapi_config_apply_per_lib :  ITTAPI function not implemented: __itt_track_create
2266080 : 0x725e000b446b2 : 2 : ittapi_config_apply_per_lib :  ITTAPI function not implemented: __itt_set_track
2266080 : 0x725e000b4629c : 2 : ittapi_config_apply_per_lib :  ITTAPI function instrumented: __itt_api_version
2266080 : 0x725e00736eaa8 : 2 : ittapi_config_apply_per_lib :  ITTAPI function not implemented: __itt_av_save
2266080 : 0x725e02de80d82 : 2 : ittapi_config_mask_get :  --itt-config mask to be applied: 5
2266080 : 0x725e02de84d44 : 2 : ittapi_config_apply_per_lib :  ITTAPI function instrumented: __itt_domain_create
2266080 : 0x725e02de863a6 : 2 : ittapi_config_apply_per_lib :  ITTAPI function instrumented: __itt_string_handle_create
2266080 : 0x725e02de876ce : 2 : ittapi_config_apply_per_lib :  ITTAPI function instrumented: __itt_pause
2266080 : 0x725e02de8886a : 2 : ittapi_config_apply_per_lib :  ITTAPI function instrumented: __itt_resume
2266080 : 0x725e02de898c0 : 2 : ittapi_config_apply_per_lib :  ITTAPI function instrumented: __itt_thread_set_name
2266080 : 0x725e02de8a8f0 : 2 : ittapi_config_apply_per_lib :  ITTAPI function instrumented: __itt_thread_ignore
2266080 : 0x725e02de8b934 : 2 : ittapi_config_apply_per_lib :  ITTAPI function instrumented: __itt_thr_name_set
2266080 : 0x725e02de8c92e : 2 : ittapi_config_apply_per_lib :  ITTAPI function instrumented: __itt_thr_ignore
2266080 : 0x725e02e8c719c : 2 : ittapi_config_apply_per_lib :  ITTAPI function NOT instrumented (not matched by --itt-config option): __itt_sync_create

2266080 : 0x725e02e8c9b34 : 2 : ittapi_config_apply_per_lib :  ITTAPI function NOT instrumented (not matched by --itt-config option): __itt_sync_rename

2266080 : 0x725e02e8ca976 : 2 : ittapi_config_apply_per_lib :  ITTAPI function NOT instrumented (not matched by --itt-config option): __itt_sync_destroy

2266080 : 0x725e02e8cb6ce : 2 : ittapi_config_apply_per_lib :  ITTAPI function NOT instrumented (not matched by --itt-config option): __itt_sync_prepare

2266080 : 0x725e02e8cc3fc : 2 : ittapi_config_apply_per_lib :  ITTAPI function NOT instrumented (not matched by --itt-config option): __itt_sync_cancel

2266080 : 0x725e02e8cd10c : 2 : ittapi_config_apply_per_lib :  ITTAPI function NOT instrumented (not matched by --itt-config option): __itt_sync_acquired

2266080 : 0x725e02e8cddd4 : 2 : ittapi_config_apply_per_lib :  ITTAPI function NOT instrumented (not matched by --itt-config option): __itt_sync_releasing

2266080 : 0x725e02e8d02a4 : 2 : ittapi_config_apply_per_lib :  ITTAPI function not implemented: __itt_suppress_push
2266080 : 0x725e02e8d1c62 : 2 : ittapi_config_apply_per_lib :  ITTAPI function not implemented: __itt_suppress_pop
2266080 : 0x725e02e8d30f8 : 2 : ittapi_config_apply_per_lib :  ITTAPI function not implemented: __itt_suppress_mark_range
2266080 : 0x725e02f211f9c : 2 : ittapi_config_apply_per_lib :  ITTAPI function not implemented: __itt_suppress_clear_range
2266080 : 0x725e02f224756 : 2 : ittapi_config_apply_per_lib :  ITTAPI function NOT instrumented (not matched by --itt-config option): __itt_sync_prepare

2266080 : 0x725e02f2257ca : 2 : ittapi_config_apply_per_lib :  ITTAPI function NOT instrumented (not matched by --itt-config option): __itt_sync_cancel

2266080 : 0x725e02f22644a : 2 : ittapi_config_apply_per_lib :  ITTAPI function NOT instrumented (not matched by --itt-config option): __itt_sync_acquired

2266080 : 0x725e02f227090 : 2 : ittapi_config_apply_per_lib :  ITTAPI function NOT instrumented (not matched by --itt-config option): __itt_sync_releasing

2266080 : 0x725e02f227d9e : 2 : ittapi_config_apply_per_lib :  ITTAPI function NOT instrumented (not matched by --itt-config option): __itt_model_site_begin

2266080 : 0x725e02f228b78 : 2 : ittapi_config_apply_per_lib :  ITTAPI function NOT instrumented (not matched by --itt-config option): __itt_model_site_end

2266080 : 0x725e02f229898 : 2 : ittapi_config_apply_per_lib :  ITTAPI function NOT instrumented (not matched by --itt-config option): __itt_model_task_begin

2266080 : 0x725e02f22a75a : 2 : ittapi_config_apply_per_lib :  ITTAPI function NOT instrumented (not matched by --itt-config option): __itt_model_task_end

2266080 : 0x725e02f22b402 : 2 : ittapi_config_apply_per_lib :  ITTAPI function NOT instrumented (not matched by --itt-config option): __itt_model_lock_acquire

2266080 : 0x725e02fc37fa6 : 2 : ittapi_config_apply_per_lib :  ITTAPI function NOT instrumented (not matched by --itt-config option): __itt_model_lock_release

2266080 : 0x725e02fc3a5b6 : 2 : ittapi_config_apply_per_lib :  ITTAPI function NOT instrumented (not matched by --itt-config option): __itt_model_record_allocation

2266080 : 0x725e02fc3b4d6 : 2 : ittapi_config_apply_per_lib :  ITTAPI function NOT instrumented (not matched by --itt-config option): __itt_model_record_deallocation

2266080 : 0x725e02fc3c346 : 2 : ittapi_config_apply_per_lib :  ITTAPI function NOT instrumented (not matched by --itt-config option): __itt_model_induction_uses

2266080 : 0x725e02fc3d1e2 : 2 : ittapi_config_apply_per_lib :  ITTAPI function NOT instrumented (not matched by --itt-config option): __itt_model_reduction_uses

2266080 : 0x725e02fc3df1e : 2 : ittapi_config_apply_per_lib :  ITTAPI function NOT instrumented (not matched by --itt-config option): __itt_model_observe_uses

2266080 : 0x725e02fc3eb26 : 2 : ittapi_config_apply_per_lib :  ITTAPI function NOT instrumented (not matched by --itt-config option): __itt_model_clear_uses

2266080 : 0x725e02fc3f75c : 2 : ittapi_config_apply_per_lib :  ITTAPI function NOT instrumented (not matched by --itt-config option): __itt_model_site_beginA

2266080 : 0x725e02fc403bc : 2 : ittapi_config_apply_per_lib :  ITTAPI function NOT instrumented (not matched by --itt-config option): __itt_model_site_beginAL

2266080 : 0x725e02fc411dc : 2 : ittapi_config_apply_per_lib :  ITTAPI function NOT instrumented (not matched by --itt-config option): __itt_model_task_beginA

2266080 : 0x725e03051859a : 2 : ittapi_config_apply_per_lib :  ITTAPI function NOT instrumented (not matched by --itt-config option): __itt_model_task_beginAL

2266080 : 0x725e03051aed8 : 2 : ittapi_config_apply_per_lib :  ITTAPI function NOT instrumented (not matched by --itt-config option): __itt_model_iteration_taskA

2266080 : 0x725e03051bdda : 2 : ittapi_config_apply_per_lib :  ITTAPI function NOT instrumented (not matched by --itt-config option): __itt_model_iteration_taskAL

2266080 : 0x725e03051cc44 : 2 : ittapi_config_apply_per_lib :  ITTAPI function NOT instrumented (not matched by --itt-config option): __itt_model_site_end_2

2266080 : 0x725e03051dab0 : 2 : ittapi_config_apply_per_lib :  ITTAPI function NOT instrumented (not matched by --itt-config option): __itt_model_task_end_2

2266080 : 0x725e03051e718 : 2 : ittapi_config_apply_per_lib :  ITTAPI function NOT instrumented (not matched by --itt-config option): __itt_model_lock_acquire_2

2266080 : 0x725e03051f3d0 : 2 : ittapi_config_apply_per_lib :  ITTAPI function NOT instrumented (not matched by --itt-config option): __itt_model_lock_release_2

2266080 : 0x725e030520134 : 2 : ittapi_config_apply_per_lib :  ITTAPI function NOT instrumented (not matched by --itt-config option): __itt_model_aggregate_task

2266080 : 0x725e030520e64 : 2 : ittapi_config_apply_per_lib :  ITTAPI function NOT instrumented (not matched by --itt-config option): __itt_model_disable_push

2266080 : 0x725e030521a3c : 2 : ittapi_config_apply_per_lib :  ITTAPI function NOT instrumented (not matched by --itt-config option): __itt_model_disable_pop

2266080 : 0x725e030eccd8a : 2 : ittapi_config_apply_per_lib :  ITTAPI function instrumented: __itt_heap_function_create
2266080 : 0x725e030ecf656 : 2 : ittapi_config_apply_per_lib :  ITTAPI function instrumented: __itt_heap_allocate_begin
2266080 : 0x725e030ed07ce : 2 : ittapi_config_apply_per_lib :  ITTAPI function instrumented: __itt_heap_allocate_end
2266080 : 0x725e030ed17d0 : 2 : ittapi_config_apply_per_lib :  ITTAPI function instrumented: __itt_heap_free_begin
2266080 : 0x725e030ed27e2 : 2 : ittapi_config_apply_per_lib :  ITTAPI function instrumented: __itt_heap_free_end
2266080 : 0x725e030ed36d6 : 2 : ittapi_config_apply_per_lib :  ITTAPI function instrumented: __itt_heap_reallocate_begin
2266080 : 0x725e030ed45aa : 2 : ittapi_config_apply_per_lib :  ITTAPI function instrumented: __itt_heap_reallocate_end
2266080 : 0x725e030ed5dc0 : 2 : ittapi_config_apply_per_lib :  ITTAPI function not implemented: __itt_heap_internal_access_begin
2266080 : 0x725e030ed714c : 2 : ittapi_config_apply_per_lib :  ITTAPI function not implemented: __itt_heap_internal_access_end
2266080 : 0x725e030ed8348 : 2 : ittapi_config_apply_per_lib :  ITTAPI function not implemented: __itt_heap_record_memory_growth_begin
2266080 : 0x725e031a0213c : 2 : ittapi_config_apply_per_lib :  ITTAPI function not implemented: __itt_heap_record_memory_growth_end
2266080 : 0x725e031a04c58 : 2 : ittapi_config_apply_per_lib :  ITTAPI function not implemented: __itt_id_create
2266080 : 0x725e031a06012 : 2 : ittapi_config_apply_per_lib :  ITTAPI function not implemented: __itt_id_destroy
2266080 : 0x725e031a071d0 : 2 : ittapi_config_apply_per_lib :  ITTAPI function not implemented: __itt_region_begin
2266080 : 0x725e031a08184 : 2 : ittapi_config_apply_per_lib :  ITTAPI function not implemented: __itt_region_end
2266080 : 0x725e031a0954c : 2 : ittapi_config_apply_per_lib :  ITTAPI function instrumented: __itt_frame_begin_v3
2266080 : 0x725e031a0a6ca : 2 : ittapi_config_apply_per_lib :  ITTAPI function instrumented: __itt_frame_end_v3
2266080 : 0x725e031a0b878 : 2 : ittapi_config_apply_per_lib :  ITTAPI function not implemented: __itt_task_group
2266080 : 0x725e031a0c8b0 : 2 : ittapi_config_apply_per_lib :  ITTAPI function instrumented: __itt_task_begin
2266080 : 0x725e031a0d8b6 : 2 : ittapi_config_apply_per_lib :  ITTAPI function instrumented: __itt_task_begin_fn
2266080 : 0x725e032479ef6 : 2 : ittapi_config_apply_per_lib :  ITTAPI function instrumented: __itt_task_end
2266080 : 0x725e03247fb24 : 2 : ittapi_config_apply_per_lib :  ITTAPI function NOT instrumented (not matched by --itt-config option): __itt_counter_inc_v3

2266080 : 0x725e032480bf4 : 2 : ittapi_config_apply_per_lib :  ITTAPI function NOT instrumented (not matched by --itt-config option): __itt_counter_inc_delta_v3

2266080 : 0x725e032482526 : 2 : ittapi_config_apply_per_lib :  ITTAPI function not implemented: __itt_marker
2266080 : 0x725e03248360c : 2 : ittapi_config_apply_per_lib :  ITTAPI function instrumented: __itt_metadata_add
2266080 : 0x725e0324849fe : 2 : ittapi_config_apply_per_lib :  ITTAPI function not implemented: __itt_metadata_str_add
2266080 : 0x725e032485da8 : 2 : ittapi_config_apply_per_lib :  ITTAPI function not implemented: __itt_relation_add_to_current
2266080 : 0x725e032486e76 : 2 : ittapi_config_apply_per_lib :  ITTAPI function not implemented: __itt_relation_add
2266080 : 0x725e032487e8e : 2 : ittapi_config_apply_per_lib :  ITTAPI function instrumented: __itt_event_create
2266080 : 0x725e032488b4a : 2 : ittapi_config_apply_per_lib :  ITTAPI function NOT instrumented (not matched by --itt-config option): __itt_event_start

2266080 : 0x725e032e7550e : 2 : ittapi_config_apply_per_lib :  ITTAPI function NOT instrumented (not matched by --itt-config option): __itt_event_end

2266080 : 0x725e032e77ba6 : 2 : ittapi_config_apply_per_lib :  ITTAPI function NOT instrumented (not matched by --itt-config option): __itt_sync_set_name

2266080 : 0x725e032e78b14 : 2 : ittapi_config_apply_per_lib :  ITTAPI function NOT instrumented (not matched by --itt-config option): __itt_notify_sync_name

2266080 : 0x725e032e798aa : 2 : ittapi_config_apply_per_lib :  ITTAPI function NOT instrumented (not matched by --itt-config option): __itt_notify_sync_prepare

2266080 : 0x725e032e7a56c : 2 : ittapi_config_apply_per_lib :  ITTAPI function NOT instrumented (not matched by --itt-config option): __itt_notify_sync_cancel

2266080 : 0x725e032e7b238 : 2 : ittapi_config_apply_per_lib :  ITTAPI function NOT instrumented (not matched by --itt-config option): __itt_notify_sync_acquired

2266080 : 0x725e032e7bf30 : 2 : ittapi_config_apply_per_lib :  ITTAPI function NOT instrumented (not matched by --itt-config option): __itt_notify_sync_releasing

2266080 : 0x725e032e7dd40 : 2 : ittapi_config_apply_per_lib :  ITTAPI function not implemented: __itt_memory_read
2266080 : 0x725e032e7f274 : 2 : ittapi_config_apply_per_lib :  ITTAPI function not implemented: __itt_memory_write
2266080 : 0x725e032e80384 : 2 : ittapi_config_apply_per_lib :  ITTAPI function not implemented: __itt_memory_update
2266080 : 0x725e033926cf2 : 2 : ittapi_config_apply_per_lib :  ITTAPI function not implemented: __itt_state_get
2266080 : 0x725e033929580 : 2 : ittapi_config_apply_per_lib :  ITTAPI function not implemented: __itt_state_set
2266080 : 0x725e03392a972 : 2 : ittapi_config_apply_per_lib :  ITTAPI function not implemented: __itt_obj_mode_set
2266080 : 0x725e03392bb4c : 2 : ittapi_config_apply_per_lib :  ITTAPI function not implemented: __itt_thr_mode_set
2266080 : 0x725e03392cdc4 : 2 : ittapi_config_apply_per_lib :  ITTAPI function instrumented: __itt_frame_create
2266080 : 0x725e03392de92 : 2 : ittapi_config_apply_per_lib :  ITTAPI function instrumented: __itt_frame_begin
2266080 : 0x725e03392ef6e : 2 : ittapi_config_apply_per_lib :  ITTAPI function instrumented: __itt_frame_end
2266080 : 0x725e03392ff24 : 2 : ittapi_config_apply_per_lib :  ITTAPI function instrumented: __itt_counter_create
2266080 : 0x725e033930d4c : 2 : ittapi_config_apply_per_lib :  ITTAPI function NOT instrumented (not matched by --itt-config option): __itt_counter_destroy

2266080 : 0x725e033931b6c : 2 : ittapi_config_apply_per_lib :  ITTAPI function NOT instrumented (not matched by --itt-config option): __itt_counter_inc

2266080 : 0x725e0343f5ff8 : 2 : ittapi_config_apply_per_lib :  ITTAPI function NOT instrumented (not matched by --itt-config option): __itt_counter_inc_delta

2266080 : 0x725e0343f9610 : 2 : ittapi_config_apply_per_lib :  ITTAPI function not implemented: __itt_mark_create
2266080 : 0x725e0343fae26 : 2 : ittapi_config_apply_per_lib :  ITTAPI function not implemented: __itt_mark
2266080 : 0x725e0343fc1a4 : 2 : ittapi_config_apply_per_lib :  ITTAPI function not implemented: __itt_mark_off
2266080 : 0x725e0343fd286 : 2 : ittapi_config_apply_per_lib :  ITTAPI function not implemented: __itt_mark_global
2266080 : 0x725e0343fe430 : 2 : ittapi_config_apply_per_lib :  ITTAPI function not implemented: __itt_mark_global_off
2266080 : 0x725e0343ff17c : 2 : ittapi_config_apply_per_lib :  ITTAPI function NOT instrumented (not matched by --itt-config option): __itt_stack_caller_create

2266080 : 0x725e0343fff4c : 2 : ittapi_config_apply_per_lib :  ITTAPI function NOT instrumented (not matched by --itt-config option): __itt_stack_caller_destroy

2266080 : 0x725e034400c44 : 2 : ittapi_config_apply_per_lib :  ITTAPI function NOT instrumented (not matched by --itt-config option): __itt_stack_callee_enter

2266080 : 0x725e034401890 : 2 : ittapi_config_apply_per_lib :  ITTAPI function NOT instrumented (not matched by --itt-config option): __itt_stack_callee_leave

2266080 : 0x725e034f9ef1c : 2 : ittapi_config_apply_per_lib :  ITTAPI function not implemented: __itt_clock_domain_create
2266080 : 0x725e034fa1c14 : 2 : ittapi_config_apply_per_lib :  ITTAPI function not implemented: __itt_clock_domain_reset
2266080 : 0x725e034fa2df2 : 2 : ittapi_config_apply_per_lib :  ITTAPI function not implemented: __itt_id_create_ex
2266080 : 0x725e034fa3f96 : 2 : ittapi_config_apply_per_lib :  ITTAPI function not implemented: __itt_id_destroy_ex
2266080 : 0x725e034fa5134 : 2 : ittapi_config_apply_per_lib :  ITTAPI function not implemented: __itt_task_begin_ex
2266080 : 0x725e034fa6102 : 2 : ittapi_config_apply_per_lib :  ITTAPI function not implemented: __itt_task_begin_fn_ex
2266080 : 0x725e034fa6fd8 : 2 : ittapi_config_apply_per_lib :  ITTAPI function not implemented: __itt_task_end_ex
2266080 : 0x725e034fa823a : 2 : ittapi_config_apply_per_lib :  ITTAPI function instrumented: __itt_task_begin_overlapped
2266080 : 0x725e034fa93d4 : 2 : ittapi_config_apply_per_lib :  ITTAPI function not implemented: __itt_task_begin_overlapped_ex
2266080 : 0x725e034faa534 : 2 : ittapi_config_apply_per_lib :  ITTAPI function instrumented: __itt_task_end_overlapped
2266080 : 0x725e035b5616c : 2 : ittapi_config_apply_per_lib :  ITTAPI function not implemented: __itt_task_end_overlapped_ex
2266080 : 0x725e035b58f56 : 2 : ittapi_config_apply_per_lib :  ITTAPI function not implemented: __itt_marker_ex
2266080 : 0x725e035b5a618 : 2 : ittapi_config_apply_per_lib :  ITTAPI function not implemented: __itt_metadata_add_with_scope
2266080 : 0x725e035b5b8d2 : 2 : ittapi_config_apply_per_lib :  ITTAPI function not implemented: __itt_metadata_str_add_with_scope
2266080 : 0x725e035b5c900 : 2 : ittapi_config_apply_per_lib :  ITTAPI function not implemented: __itt_relation_add_to_current_ex
2266080 : 0x725e035b5d9d0 : 2 : ittapi_config_apply_per_lib :  ITTAPI function not implemented: __itt_relation_add_ex
2266080 : 0x725e035b5ea8a : 2 : ittapi_config_apply_per_lib :  ITTAPI function not implemented: __itt_track_group_create
2266080 : 0x725e035b5f8ee : 2 : ittapi_config_apply_per_lib :  ITTAPI function not implemented: __itt_track_create
2266080 : 0x725e035b60a5a : 2 : ittapi_config_apply_per_lib :  ITTAPI function not implemented: __itt_set_track
2266080 : 0x725e035b61c98 : 2 : ittapi_config_apply_per_lib :  ITTAPI function instrumented: __itt_api_version
2266080 : 0x725e03663a8ac : 2 : ittapi_config_apply_per_lib :  ITTAPI function not implemented: __itt_av_save